2026/02/25 00:14:33 WARN missing configuration, using default value env_var=ENABLE_DEBUG_LOGGING type=bool default=false
2026/02/25 00:14:33 WARN missing configuration, using default value env_var=ENABLE_JSON_LOGGING type=bool default=false
2026/02/25 00:14:33 WARN missing configuration, using default value env_var=ENABLE_INSTANCE_ID_LOGGING type=bool default=false
time=2026-02-25T00:14:33.755Z level=WARN msg="missing configuration, using default value" env_var=HTTP_LISTEN_ADDR type=string default=0.0.0.0:8000
time=2026-02-25T00:14:33.755Z level=WARN msg="missing configuration, using default value" env_var=GCP_PROJECT_ID type=string default=""
time=2026-02-25T00:14:33.755Z level=WARN msg="missing configuration, using default value" env_var=SECRETS_FILE_PATH type=string default=""
time=2026-02-25T00:14:33.755Z level=ERROR msg="No configuration provided for secret manager path, using a potentially insecure default."
time=2026-02-25T00:14:33.758Z level=WARN msg="missing configuration, using default value" env_var=MYSQL_ADDR type=string default=""
time=2026-02-25T00:14:33.758Z level=WARN msg="mysql is not configured, using sqlite"
time=2026-02-25T00:14:33.758Z level=WARN msg="missing configuration, using default value" env_var=OAUTH_CLIENT_ID type=string default=""
time=2026-02-25T00:14:33.758Z level=WARN msg="missing configuration, using default value" env_var=OAUTH_CLIENT_SECRET type=string default=""
time=2026-02-25T00:14:33.758Z level=WARN msg="missing configuration, using default value" env_var=OAUTH_DOMAIN type=string default=""
time=2026-02-25T00:14:33.758Z level=WARN msg="oauth is not configured, authentication disabled"
time=2026-02-25T00:14:33.758Z level=WARN msg="missing configuration, using default value" env_var=DB_MAX_IDLE_CONNS type=int default=10
time=2026-02-25T00:14:33.758Z level=WARN msg="missing configuration, using default value" env_var=DB_MAX_OPEN_CONNS type=int default=100
time=2026-02-25T00:14:33.758Z level=WARN msg="missing configuration, using default value" env_var=DB_MAX_CONN_LIFETIME type=int default=3600
time=2026-02-25T00:14:33.763Z level=WARN msg="missing configuration, using default value" env_var=DISABLE_DEFAULT_TOMES type=bool default=false
time=2026-02-25T00:14:33.772Z level=WARN msg="missing configuration, using default value" env_var=GCP_PROJECT_ID type=string default=""
time=2026-02-25T00:14:33.772Z level=WARN msg="missing configuration, using default value" env_var=SECRETS_FILE_PATH type=string default=""
time=2026-02-25T00:14:33.772Z level=ERROR msg="No configuration provided for secret manager path, using a potentially insecure default."
time=2026-02-25T00:14:33.888Z level=WARN msg="missing configuration, using default value" env_var=GCP_PROJECT_ID type=string default=""
time=2026-02-25T00:14:33.888Z level=WARN msg="missing configuration, using default value" env_var=SECRETS_FILE_PATH type=string default=""
time=2026-02-25T00:14:33.888Z level=ERROR msg="No configuration provided for secret manager path, using a potentially insecure default."
time=2026-02-25T00:14:33.996Z level=WARN msg="test data is enabled"
time=2026-02-25T00:14:34.421Z level=WARN msg="missing configuration, using default value" env_var=GCP_PROJECT_ID type=string default=""
time=2026-02-25T00:14:34.421Z level=WARN msg="missing configuration, using default value" env_var=PUBSUB_TOPIC_SHELL_INPUT type=string default=mem://shell_input
time=2026-02-25T00:14:34.421Z level=WARN msg="missing configuration, using default value" env_var=PUBSUB_TOPIC_SHELL_OUTPUT type=string default=mem://shell_output
time=2026-02-25T00:14:34.421Z level=WARN msg="missing configuration, using default value" env_var=PUBSUB_SUBSCRIPTION_SHELL_INPUT type=string default=mem://shell_input
time=2026-02-25T00:14:34.421Z level=WARN msg="missing configuration, using default value" env_var=PUBSUB_SUBSCRIPTION_SHELL_OUTPUT type=string default=mem://shell_output
time=2026-02-25T00:14:34.421Z level=WARN msg="missing configuration, using default value" env_var=GCP_PROJECT_ID type=string default=""
time=2026-02-25T00:14:34.421Z level=WARN msg="missing configuration, using default value" env_var=PUBSUB_SUBSCRIBER_MAX_MESSAGES_BUFFERED type=int default=15625
time=2026-02-25T00:14:34.421Z level=WARN msg="missing configuration, using default value" env_var=PUBSUB_GCP_PUBLISH_DELAY_THRESHOLD_MS type=int default=10
time=2026-02-25T00:14:34.421Z level=WARN msg="missing configuration, using default value" env_var=PUBSUB_GCP_PUBLISH_COUNT_THRESHOLD type=int default=100
time=2026-02-25T00:14:34.421Z level=WARN msg="missing configuration, using default value" env_var=PUBSUB_GCP_PUBLISH_BYTE_THRESHOLD type=int default=1000000
time=2026-02-25T00:14:34.421Z level=WARN msg="missing configuration, using default value" env_var=PUBSUB_GCP_PUBLISH_NUM_GOROUTINES type=int default=25
time=2026-02-25T00:14:34.421Z level=WARN msg="missing configuration, using default value" env_var=PUBSUB_GCP_PUBLISH_TIMEOUT_MS type=int default=1000
time=2026-02-25T00:14:34.421Z level=WARN msg="missing configuration, using default value" env_var=PUBSUB_GCP_PUBLISH_FLOW_CONTROL_MAX_OUTSTANDING_MESSAGES type=int default=1000
time=2026-02-25T00:14:34.421Z level=WARN msg="missing configuration, using default value" env_var=PUBSUB_GCP_PUBLISH_FLOW_CONTROL_MAX_OUTSTANDING_BYTES type=int default=-1
time=2026-02-25T00:14:34.421Z level=WARN msg="missing configuration, using default value" env_var=PUBSUB_GCP_PUBLISH_FLOW_CONTROL_LIMIT_EXCEEDED_BEHAVIOR type=string default=ignore
time=2026-02-25T00:14:34.421Z level=WARN msg="missing configuration, using default value" env_var=PUBSUB_GCP_RECEIVE_MAX_EXTENSION_MS type=int default=0
time=2026-02-25T00:14:34.421Z level=WARN msg="missing configuration, using default value" env_var=PUBSUB_GCP_RECEIVE_MAX_DURATION_PER_ACK_EXTENSION_MS type=int default=0
time=2026-02-25T00:14:34.421Z level=WARN msg="missing configuration, using default value" env_var=PUBSUB_GCP_RECEIVE_MIN_DURATION_PER_ACK_EXTENSION_MS type=int default=0
time=2026-02-25T00:14:34.421Z level=WARN msg="missing configuration, using default value" env_var=PUBSUB_GCP_RECEIVE_MAX_OUTSTANDING_MESSAGES type=int default=1000
time=2026-02-25T00:14:34.421Z level=WARN msg="missing configuration, using default value" env_var=PUBSUB_GCP_RECEIVE_MAX_OUTSTANDING_BYTES type=int default=-1
time=2026-02-25T00:14:34.421Z level=WARN msg="missing configuration, using default value" env_var=PUBSUB_GCP_RECEIVE_NUM_GOROUTINES type=int default=10
time=2026-02-25T00:14:34.421Z level=WARN msg="missing configuration, using default value" env_var=PUBSUB_GCP_SUBSCRIPTION_TTL_HOURS type=int default=24
time=2026-02-25T00:14:34.421Z level=WARN msg="missing configuration, using default value" env_var=PUBSUB_GCP_PUBLISH_READY_TIMEOUT_MS type=int default=0
time=2026-02-25T00:14:34.423Z level=WARN msg="missing configuration, using default value" env_var=ENABLE_GRAPHQL_RAW_QUERY_LOGGING type=bool default=false
time=2026-02-25T00:14:34.423Z level=WARN msg="missing configuration, using default value" env_var=GCP_PROJECT_ID type=string default=""
time=2026-02-25T00:14:34.423Z level=WARN msg="missing configuration, using default value" env_var=SECRETS_FILE_PATH type=string default=""
time=2026-02-25T00:14:34.423Z level=ERROR msg="No configuration provided for secret manager path, using a potentially insecure default."
time=2026-02-25T00:14:34.554Z level=INFO msg="public key: KD9iJp4lApxZOuphJtI+LkpYpw9Gdy9sg2If+R3Wx18="
time=2026-02-25T00:14:34.554Z level=WARN msg="missing configuration, using default value" env_var=GCP_PROJECT_ID type=string default=""
time=2026-02-25T00:14:34.554Z level=WARN msg="missing configuration, using default value" env_var=SECRETS_FILE_PATH type=string default=""
time=2026-02-25T00:14:34.554Z level=ERROR msg="No configuration provided for secret manager path, using a potentially insecure default."
time=2026-02-25T00:14:34.583Z level=WARN msg="missing configuration, using default value" env_var=ENABLE_PPROF type=bool default=false
time=2026-02-25T00:14:34.583Z level=WARN msg="missing configuration, using default value" env_var=ENABLE_METRICS type=bool default=false
time=2026-02-25T00:14:34.583Z level=WARN msg="missing configuration, using default value" env_var=ENABLE_TEST_RUN_AND_EXIT type=bool default=false
time=2026-02-25T00:14:34.583Z level=INFO msg="http server started" http_addr=0.0.0.0:8000
time=2026-02-25T00:21:44.417Z level=INFO msg="tavern http request" auth_generic_id=Admin auth_user_name=Admin auth_user_id=73014444033 is_admin=true is_activated=true is_authenticated=true remote_addr=[::1]:48036 http_method=GET http_url=/
time=2026-02-25T00:21:44.505Z level=INFO msg="tavern http request" auth_generic_id=Admin auth_user_name=Admin auth_user_id=73014444033 is_admin=true is_activated=true is_authenticated=true remote_addr=[::1]:48036 http_method=GET http_url=/static/media/eldrich.png
time=2026-02-25T00:21:44.506Z level=INFO msg="tavern http request" auth_generic_id=Admin auth_user_name=Admin auth_user_id=73014444033 is_admin=true is_activated=true is_authenticated=true remote_addr=[::1]:48048 http_method=GET http_url=/static/js/main.60f4d1ea.js
time=2026-02-25T00:21:44.512Z level=INFO msg="tavern http request" auth_generic_id=Admin auth_user_name=Admin auth_user_id=73014444033 is_admin=true is_activated=true is_authenticated=true remote_addr=[::1]:48036 http_method=GET http_url=/static/css/main.93837fb6.css
time=2026-02-25T00:21:45.879Z level=INFO msg="tavern http request" auth_generic_id=Admin auth_user_name=Admin auth_user_id=73014444033 is_admin=true is_activated=true is_authenticated=true remote_addr=[::1]:48048 http_method=POST http_url=/graphql
time=2026-02-25T00:21:45.880Z level=INFO msg="tavern graphql request" auth_generic_id=Admin auth_user_name=Admin auth_user_id=73014444033 is_admin=true is_activated=true is_authenticated=true operation=GetSearchFilters variables="map[groupTag:map[kind:group] serviceTag:map[kind:service]]"
time=2026-02-25T00:21:45.881Z level=INFO msg="tavern http request" auth_generic_id=Admin auth_user_name=Admin auth_user_id=73014444033 is_admin=true is_activated=true is_authenticated=true remote_addr=[::1]:48036 http_method=POST http_url=/graphql
time=2026-02-25T00:21:45.881Z level=INFO msg="tavern graphql request" auth_generic_id=Admin auth_user_name=Admin auth_user_id=73014444033 is_admin=true is_activated=true is_authenticated=true operation=GetMe variables=map[]
time=2026-02-25T00:21:45.944Z level=INFO msg="tavern http request" auth_generic_id=Admin auth_user_name=Admin auth_user_id=73014444033 is_admin=true is_activated=true is_authenticated=true remote_addr=[::1]:48036 http_method=GET http_url=/hosts
time=2026-02-25T00:21:46.008Z level=INFO msg="tavern http request" auth_generic_id=Admin auth_user_name=Admin auth_user_id=73014444033 is_admin=true is_activated=true is_authenticated=true remote_addr=[::1]:48048 http_method=GET http_url=/static/media/eldrich.png
time=2026-02-25T00:21:46.013Z level=INFO msg="tavern http request" auth_generic_id=Admin auth_user_name=Admin auth_user_id=73014444033 is_admin=true is_activated=true is_authenticated=true remote_addr=[::1]:48058 http_method=GET http_url=/static/css/main.93837fb6.css
time=2026-02-25T00:21:46.014Z level=INFO msg="tavern http request" auth_generic_id=Admin auth_user_name=Admin auth_user_id=73014444033 is_admin=true is_activated=true is_authenticated=true remote_addr=[::1]:48036 http_method=GET http_url=/static/js/main.60f4d1ea.js
time=2026-02-25T00:21:46.351Z level=INFO msg="tavern http request" auth_generic_id=Admin auth_user_name=Admin auth_user_id=73014444033 is_admin=true is_activated=true is_authenticated=true remote_addr=[::1]:48036 http_method=POST http_url=/graphql
time=2026-02-25T00:21:46.351Z level=INFO msg="tavern graphql request" auth_generic_id=Admin auth_user_name=Admin auth_user_id=73014444033 is_admin=true is_activated=true is_authenticated=true operation=GetSearchFilters variables="map[groupTag:map[kind:group] serviceTag:map[kind:service]]"
time=2026-02-25T00:21:46.352Z level=INFO msg="tavern http request" auth_generic_id=Admin auth_user_name=Admin auth_user_id=73014444033 is_admin=true is_activated=true is_authenticated=true remote_addr=[::1]:48058 http_method=POST http_url=/graphql
time=2026-02-25T00:21:46.352Z level=INFO msg="tavern graphql request" auth_generic_id=Admin auth_user_name=Admin auth_user_id=73014444033 is_admin=true is_activated=true is_authenticated=true operation=GetMe variables=map[]
time=2026-02-25T00:21:46.432Z level=INFO msg="tavern http request" auth_generic_id=Admin auth_user_name=Admin auth_user_id=73014444033 is_admin=true is_activated=true is_authenticated=true remote_addr=[::1]:48058 http_method=GET http_url=/static/media/eldrich.a80c74e8249d2461e174.png
time=2026-02-25T00:21:46.515Z level=INFO msg="tavern http request" auth_generic_id=Admin auth_user_name=Admin auth_user_id=73014444033 is_admin=true is_activated=true is_authenticated=true remote_addr=[::1]:48036 http_method=POST http_url=/graphql
time=2026-02-25T00:21:46.516Z level=INFO msg="tavern graphql request" auth_generic_id=Admin auth_user_name=Admin auth_user_id=73014444033 is_admin=true is_activated=true is_authenticated=true operation=GetHostIds variables="map[first:14 orderBy:[map[direction:DESC field:CREATED_AT]] where:map[]]"
time=2026-02-25T00:21:46.981Z level=INFO msg="tavern http request" auth_generic_id=Admin auth_user_name=Admin auth_user_id=73014444033 is_admin=true is_activated=true is_authenticated=true remote_addr=[::1]:48036 http_method=POST http_url=/graphql
time=2026-02-25T00:21:46.981Z level=INFO msg="tavern graphql request" auth_generic_id=Admin auth_user_name=Admin auth_user_id=73014444033 is_admin=true is_activated=true is_authenticated=true operation=GetHostDetail variables=map[id:17179869484]
time=2026-02-25T00:21:46.983Z level=INFO msg="tavern http request" auth_generic_id=Admin auth_user_name=Admin auth_user_id=73014444033 is_admin=true is_activated=true is_authenticated=true remote_addr=[::1]:48058 http_method=POST http_url=/graphql
time=2026-02-25T00:21:46.983Z level=INFO msg="tavern graphql request" auth_generic_id=Admin auth_user_name=Admin auth_user_id=73014444033 is_admin=true is_activated=true is_authenticated=true operation=GetHostDetail variables=map[id:17179869483]
time=2026-02-25T00:21:46.983Z level=INFO msg="tavern http request" auth_generic_id=Admin auth_user_name=Admin auth_user_id=73014444033 is_admin=true is_activated=true is_authenticated=true remote_addr=[::1]:48048 http_method=POST http_url=/graphql
time=2026-02-25T00:21:46.983Z level=INFO msg="tavern graphql request" auth_generic_id=Admin auth_user_name=Admin auth_user_id=73014444033 is_admin=true is_activated=true is_authenticated=true operation=GetHostDetail variables=map[id:17179869482]
time=2026-02-25T00:21:46.985Z level=INFO msg="tavern http request" auth_generic_id=Admin auth_user_name=Admin auth_user_id=73014444033 is_admin=true is_activated=true is_authenticated=true remote_addr=[::1]:48036 http_method=POST http_url=/graphql
time=2026-02-25T00:21:46.985Z level=INFO msg="tavern graphql request" auth_generic_id=Admin auth_user_name=Admin auth_user_id=73014444033 is_admin=true is_activated=true is_authenticated=true operation=GetHostDetail variables=map[id:17179869481]
time=2026-02-25T00:21:46.994Z level=INFO msg="tavern http request" auth_generic_id=Admin auth_user_name=Admin auth_user_id=73014444033 is_admin=true is_activated=true is_authenticated=true remote_addr=[::1]:48048 http_method=POST http_url=/graphql
time=2026-02-25T00:21:46.994Z level=INFO msg="tavern graphql request" auth_generic_id=Admin auth_user_name=Admin auth_user_id=73014444033 is_admin=true is_activated=true is_authenticated=true operation=GetHostDetail variables=map[id:17179869475]
time=2026-02-25T00:21:46.995Z level=INFO msg="tavern http request" auth_generic_id=Admin auth_user_name=Admin auth_user_id=73014444033 is_admin=true is_activated=true is_authenticated=true remote_addr=[::1]:48062 http_method=POST http_url=/graphql
time=2026-02-25T00:21:46.995Z level=INFO msg="tavern graphql request" auth_generic_id=Admin auth_user_name=Admin auth_user_id=73014444033 is_admin=true is_activated=true is_authenticated=true operation=GetHostDetail variables=map[id:17179869479]
time=2026-02-25T00:21:46.996Z level=INFO msg="tavern http request" auth_generic_id=Admin auth_user_name=Admin auth_user_id=73014444033 is_admin=true is_activated=true is_authenticated=true remote_addr=[::1]:48036 http_method=POST http_url=/graphql
time=2026-02-25T00:21:46.996Z level=INFO msg="tavern graphql request" auth_generic_id=Admin auth_user_name=Admin auth_user_id=73014444033 is_admin=true is_activated=true is_authenticated=true operation=GetHostDetail variables=map[id:17179869477]
time=2026-02-25T00:21:46.998Z level=INFO msg="tavern http request" auth_generic_id=Admin auth_user_name=Admin auth_user_id=73014444033 is_admin=true is_activated=true is_authenticated=true remote_addr=[::1]:48058 http_method=POST http_url=/graphql
time=2026-02-25T00:21:46.998Z level=INFO msg="tavern graphql request" auth_generic_id=Admin auth_user_name=Admin auth_user_id=73014444033 is_admin=true is_activated=true is_authenticated=true operation=GetHostDetail variables=map[id:17179869480]
time=2026-02-25T00:21:46.998Z level=INFO msg="tavern http request" auth_generic_id=Admin auth_user_name=Admin auth_user_id=73014444033 is_admin=true is_activated=true is_authenticated=true remote_addr=[::1]:48070 http_method=POST http_url=/graphql
time=2026-02-25T00:21:46.998Z level=INFO msg="tavern graphql request" auth_generic_id=Admin auth_user_name=Admin auth_user_id=73014444033 is_admin=true is_activated=true is_authenticated=true operation=GetHostDetail variables=map[id:17179869478]
time=2026-02-25T00:21:46.998Z level=INFO msg="tavern http request" auth_generic_id=Admin auth_user_name=Admin auth_user_id=73014444033 is_admin=true is_activated=true is_authenticated=true remote_addr=[::1]:48072 http_method=POST http_url=/graphql
time=2026-02-25T00:21:46.998Z level=INFO msg="tavern graphql request" auth_generic_id=Admin auth_user_name=Admin auth_user_id=73014444033 is_admin=true is_activated=true is_authenticated=true operation=GetHostDetail variables=map[id:17179869476]
time=2026-02-25T00:21:47.005Z level=INFO msg="tavern http request" auth_generic_id=Admin auth_user_name=Admin auth_user_id=73014444033 is_admin=true is_activated=true is_authenticated=true remote_addr=[::1]:48048 http_method=POST http_url=/graphql
time=2026-02-25T00:21:47.007Z level=INFO msg="tavern graphql request" auth_generic_id=Admin auth_user_name=Admin auth_user_id=73014444033 is_admin=true is_activated=true is_authenticated=true operation=GetHostDetail variables=map[id:17179869474]
time=2026-02-25T00:21:47.013Z level=INFO msg="tavern http request" auth_generic_id=Admin auth_user_name=Admin auth_user_id=73014444033 is_admin=true is_activated=true is_authenticated=true remote_addr=[::1]:48072 http_method=POST http_url=/graphql
time=2026-02-25T00:21:47.014Z level=INFO msg="tavern graphql request" auth_generic_id=Admin auth_user_name=Admin auth_user_id=73014444033 is_admin=true is_activated=true is_authenticated=true operation=GetHostDetail variables=map[id:17179869473]
time=2026-02-25T00:21:47.019Z level=INFO msg="tavern http request" auth_generic_id=Admin auth_user_name=Admin auth_user_id=73014444033 is_admin=true is_activated=true is_authenticated=true remote_addr=[::1]:48036 http_method=POST http_url=/graphql
time=2026-02-25T00:21:47.019Z level=INFO msg="tavern graphql request" auth_generic_id=Admin auth_user_name=Admin auth_user_id=73014444033 is_admin=true is_activated=true is_authenticated=true operation=GetHostDetail variables=map[id:17179869472]
time=2026-02-25T00:21:47.021Z level=INFO msg="tavern http request" auth_generic_id=Admin auth_user_name=Admin auth_user_id=73014444033 is_admin=true is_activated=true is_authenticated=true remote_addr=[::1]:48070 http_method=POST http_url=/graphql
time=2026-02-25T00:21:47.021Z level=INFO msg="tavern graphql request" auth_generic_id=Admin auth_user_name=Admin auth_user_id=73014444033 is_admin=true is_activated=true is_authenticated=true operation=GetHostIds variables="map[after:gqFpzwAAAAQAAAEfoXaR1/8kD05YaZ4+6g first:14 orderBy:[map[direction:DESC field:CREATED_AT]] where:map[]]"
time=2026-02-25T00:21:47.088Z level=INFO msg="tavern http request" auth_generic_id=Admin auth_user_name=Admin auth_user_id=73014444033 is_admin=true is_activated=true is_authenticated=true remote_addr=[::1]:48070 http_method=POST http_url=/graphql
time=2026-02-25T00:21:47.088Z level=INFO msg="tavern graphql request" auth_generic_id=Admin auth_user_name=Admin auth_user_id=73014444033 is_admin=true is_activated=true is_authenticated=true operation=GetBeaconsForHost variables=map[hostId:17179869484]
time=2026-02-25T00:21:47.090Z level=INFO msg="tavern http request" auth_generic_id=Admin auth_user_name=Admin auth_user_id=73014444033 is_admin=true is_activated=true is_authenticated=true remote_addr=[::1]:48072 http_method=POST http_url=/graphql
time=2026-02-25T00:21:47.090Z level=INFO msg="tavern graphql request" auth_generic_id=Admin auth_user_name=Admin auth_user_id=73014444033 is_admin=true is_activated=true is_authenticated=true operation=GetBeaconsForHost variables=map[hostId:17179869482]
time=2026-02-25T00:21:47.090Z level=INFO msg="tavern http request" auth_generic_id=Admin auth_user_name=Admin auth_user_id=73014444033 is_admin=true is_activated=true is_authenticated=true remote_addr=[::1]:48036 http_method=POST http_url=/graphql
time=2026-02-25T00:21:47.090Z level=INFO msg="tavern graphql request" auth_generic_id=Admin auth_user_name=Admin auth_user_id=73014444033 is_admin=true is_activated=true is_authenticated=true operation=GetBeaconsForHost variables=map[hostId:17179869483]
time=2026-02-25T00:21:47.093Z level=INFO msg="tavern http request" auth_generic_id=Admin auth_user_name=Admin auth_user_id=73014444033 is_admin=true is_activated=true is_authenticated=true remote_addr=[::1]:48058 http_method=POST http_url=/graphql
time=2026-02-25T00:21:47.093Z level=INFO msg="tavern graphql request" auth_generic_id=Admin auth_user_name=Admin auth_user_id=73014444033 is_admin=true is_activated=true is_authenticated=true operation=GetBeaconsForHost variables=map[hostId:17179869481]
time=2026-02-25T00:21:47.097Z level=INFO msg="tavern http request" auth_generic_id=Admin auth_user_name=Admin auth_user_id=73014444033 is_admin=true is_activated=true is_authenticated=true remote_addr=[::1]:48062 http_method=POST http_url=/graphql
time=2026-02-25T00:21:47.097Z level=INFO msg="tavern graphql request" auth_generic_id=Admin auth_user_name=Admin auth_user_id=73014444033 is_admin=true is_activated=true is_authenticated=true operation=GetBeaconsForHost variables=map[hostId:17179869476]
time=2026-02-25T00:21:47.098Z level=INFO msg="tavern http request" auth_generic_id=Admin auth_user_name=Admin auth_user_id=73014444033 is_admin=true is_activated=true is_authenticated=true remote_addr=[::1]:48048 http_method=POST http_url=/graphql
time=2026-02-25T00:21:47.098Z level=INFO msg="tavern graphql request" auth_generic_id=Admin auth_user_name=Admin auth_user_id=73014444033 is_admin=true is_activated=true is_authenticated=true operation=GetBeaconsForHost variables=map[hostId:17179869475]
time=2026-02-25T00:21:47.137Z level=INFO msg="tavern http request" auth_generic_id=Admin auth_user_name=Admin auth_user_id=73014444033 is_admin=true is_activated=true is_authenticated=true remote_addr=[::1]:48048 http_method=POST http_url=/graphql
time=2026-02-25T00:21:47.137Z level=INFO msg="tavern graphql request" auth_generic_id=Admin auth_user_name=Admin auth_user_id=73014444033 is_admin=true is_activated=true is_authenticated=true operation=GetBeaconsForHost variables=map[hostId:17179869480]
time=2026-02-25T00:21:47.137Z level=INFO msg="tavern http request" auth_generic_id=Admin auth_user_name=Admin auth_user_id=73014444033 is_admin=true is_activated=true is_authenticated=true remote_addr=[::1]:48062 http_method=POST http_url=/graphql
time=2026-02-25T00:21:47.137Z level=INFO msg="tavern graphql request" auth_generic_id=Admin auth_user_name=Admin auth_user_id=73014444033 is_admin=true is_activated=true is_authenticated=true operation=GetBeaconsForHost variables=map[hostId:17179869479]
time=2026-02-25T00:21:47.140Z level=INFO msg="tavern http request" auth_generic_id=Admin auth_user_name=Admin auth_user_id=73014444033 is_admin=true is_activated=true is_authenticated=true remote_addr=[::1]:48036 http_method=POST http_url=/graphql
time=2026-02-25T00:21:47.140Z level=INFO msg="tavern graphql request" auth_generic_id=Admin auth_user_name=Admin auth_user_id=73014444033 is_admin=true is_activated=true is_authenticated=true operation=GetBeaconsForHost variables=map[hostId:17179869478]
time=2026-02-25T00:21:47.142Z level=INFO msg="tavern http request" auth_generic_id=Admin auth_user_name=Admin auth_user_id=73014444033 is_admin=true is_activated=true is_authenticated=true remote_addr=[::1]:48072 http_method=POST http_url=/graphql
time=2026-02-25T00:21:47.142Z level=INFO msg="tavern graphql request" auth_generic_id=Admin auth_user_name=Admin auth_user_id=73014444033 is_admin=true is_activated=true is_authenticated=true operation=GetBeaconsForHost variables=map[hostId:17179869477]
time=2026-02-25T00:21:47.144Z level=INFO msg="tavern http request" auth_generic_id=Admin auth_user_name=Admin auth_user_id=73014444033 is_admin=true is_activated=true is_authenticated=true remote_addr=[::1]:48058 http_method=POST http_url=/graphql
time=2026-02-25T00:21:47.144Z level=INFO msg="tavern graphql request" auth_generic_id=Admin auth_user_name=Admin auth_user_id=73014444033 is_admin=true is_activated=true is_authenticated=true operation=GetBeaconsForHost variables=map[hostId:17179869474]
time=2026-02-25T00:21:47.147Z level=INFO msg="tavern http request" auth_generic_id=Admin auth_user_name=Admin auth_user_id=73014444033 is_admin=true is_activated=true is_authenticated=true remote_addr=[::1]:48070 http_method=POST http_url=/graphql
time=2026-02-25T00:21:47.150Z level=INFO msg="tavern graphql request" auth_generic_id=Admin auth_user_name=Admin auth_user_id=73014444033 is_admin=true is_activated=true is_authenticated=true operation=GetBeaconsForHost variables=map[hostId:17179869473]
time=2026-02-25T00:21:47.199Z level=INFO msg="tavern http request" auth_generic_id=Admin auth_user_name=Admin auth_user_id=73014444033 is_admin=true is_activated=true is_authenticated=true remote_addr=[::1]:48070 http_method=POST http_url=/graphql
time=2026-02-25T00:21:47.199Z level=INFO msg="tavern graphql request" auth_generic_id=Admin auth_user_name=Admin auth_user_id=73014444033 is_admin=true is_activated=true is_authenticated=true operation=GetBeaconsForHost variables=map[hostId:17179869472]
time=2026-02-25T00:21:47.520Z level=INFO msg="tavern http request" auth_generic_id=Admin auth_user_name=Admin auth_user_id=73014444033 is_admin=true is_activated=true is_authenticated=true remote_addr=[::1]:48070 http_method=POST http_url=/graphql
time=2026-02-25T00:21:47.520Z level=INFO msg="tavern graphql request" auth_generic_id=Admin auth_user_name=Admin auth_user_id=73014444033 is_admin=true is_activated=true is_authenticated=true operation=GetHostTaskCount variables=map[where:map[hasBeaconWith:[map[hasHostWith:[map[id:17179869484]]]]]]
time=2026-02-25T00:21:47.524Z level=INFO msg="tavern http request" auth_generic_id=Admin auth_user_name=Admin auth_user_id=73014444033 is_admin=true is_activated=true is_authenticated=true remote_addr=[::1]:48072 http_method=POST http_url=/graphql
time=2026-02-25T00:21:47.524Z level=INFO msg="tavern http request" auth_generic_id=Admin auth_user_name=Admin auth_user_id=73014444033 is_admin=true is_activated=true is_authenticated=true remote_addr=[::1]:48058 http_method=POST http_url=/graphql
time=2026-02-25T00:21:47.524Z level=INFO msg="tavern graphql request" auth_generic_id=Admin auth_user_name=Admin auth_user_id=73014444033 is_admin=true is_activated=true is_authenticated=true operation=GetBeaconIds variables="map[first:14 where:map[hasHostWith:[map[id:17179869484]]]]"
time=2026-02-25T00:21:47.525Z level=INFO msg="tavern graphql request" auth_generic_id=Admin auth_user_name=Admin auth_user_id=73014444033 is_admin=true is_activated=true is_authenticated=true operation=GetHosts variables=map[where:map[id:17179869484]]
time=2026-02-25T00:21:47.564Z level=INFO msg="tavern http request" auth_generic_id=Admin auth_user_name=Admin auth_user_id=73014444033 is_admin=true is_activated=true is_authenticated=true remote_addr=[::1]:48058 http_method=POST http_url=/graphql
time=2026-02-25T00:21:47.564Z level=INFO msg="tavern graphql request" auth_generic_id=Admin auth_user_name=Admin auth_user_id=73014444033 is_admin=true is_activated=true is_authenticated=true operation=GetBeaconDetail variables=map[id:4294968229]
time=2026-02-25T00:21:47.565Z level=INFO msg="tavern http request" auth_generic_id=Admin auth_user_name=Admin auth_user_id=73014444033 is_admin=true is_activated=true is_authenticated=true remote_addr=[::1]:48072 http_method=POST http_url=/graphql
time=2026-02-25T00:21:47.565Z level=INFO msg="tavern graphql request" auth_generic_id=Admin auth_user_name=Admin auth_user_id=73014444033 is_admin=true is_activated=true is_authenticated=true operation=GetBeaconDetail variables=map[id:4294968230]
time=2026-02-25T00:21:47.566Z level=INFO msg="tavern http request" auth_generic_id=Admin auth_user_name=Admin auth_user_id=73014444033 is_admin=true is_activated=true is_authenticated=true remote_addr=[::1]:48070 http_method=POST http_url=/graphql
time=2026-02-25T00:21:47.569Z level=INFO msg="tavern graphql request" auth_generic_id=Admin auth_user_name=Admin auth_user_id=73014444033 is_admin=true is_activated=true is_authenticated=true operation=GetBeaconDetail variables=map[id:4294968231]
time=2026-02-25T00:21:52.577Z level=INFO msg="tavern http request" auth_generic_id=Admin auth_user_name=Admin auth_user_id=73014444033 is_admin=true is_activated=true is_authenticated=true remote_addr=[::1]:48072 http_method=POST http_url=/graphql
time=2026-02-25T00:21:52.577Z level=INFO msg="tavern graphql request" auth_generic_id=Admin auth_user_name=Admin auth_user_id=73014444033 is_admin=true is_activated=true is_authenticated=true operation=GetBeaconDetail variables=map[id:4294968230]
time=2026-02-25T00:21:52.579Z level=INFO msg="tavern http request" auth_generic_id=Admin auth_user_name=Admin auth_user_id=73014444033 is_admin=true is_activated=true is_authenticated=true remote_addr=[::1]:48070 http_method=POST http_url=/graphql
time=2026-02-25T00:21:52.579Z level=INFO msg="tavern graphql request" auth_generic_id=Admin auth_user_name=Admin auth_user_id=73014444033 is_admin=true is_activated=true is_authenticated=true operation=GetBeaconDetail variables=map[id:4294968229]
time=2026-02-25T00:27:43.564Z level=INFO msg="tavern http request" auth_generic_id=Admin auth_user_name=Admin auth_user_id=73014444033 is_admin=true is_activated=true is_authenticated=true remote_addr=[::1]:53728 http_method=GET http_url=/
time=2026-02-25T00:27:43.573Z level=INFO msg="tavern http request" auth_generic_id=Admin auth_user_name=Admin auth_user_id=73014444033 is_admin=true is_activated=true is_authenticated=true remote_addr=[::1]:53728 http_method=GET http_url=/static/media/eldrich.png
time=2026-02-25T00:27:43.573Z level=INFO msg="tavern http request" auth_generic_id=Admin auth_user_name=Admin auth_user_id=73014444033 is_admin=true is_activated=true is_authenticated=true remote_addr=[::1]:53742 http_method=GET http_url=/static/css/main.93837fb6.css
time=2026-02-25T00:27:43.573Z level=INFO msg="tavern http request" auth_generic_id=Admin auth_user_name=Admin auth_user_id=73014444033 is_admin=true is_activated=true is_authenticated=true remote_addr=[::1]:53758 http_method=GET http_url=/static/js/main.60f4d1ea.js
time=2026-02-25T00:27:44.252Z level=INFO msg="tavern http request" auth_generic_id=Admin auth_user_name=Admin auth_user_id=73014444033 is_admin=true is_activated=true is_authenticated=true remote_addr=[::1]:53758 http_method=POST http_url=/graphql
time=2026-02-25T00:27:44.252Z level=INFO msg="tavern graphql request" auth_generic_id=Admin auth_user_name=Admin auth_user_id=73014444033 is_admin=true is_activated=true is_authenticated=true operation=GetSearchFilters variables="map[groupTag:map[kind:group] serviceTag:map[kind:service]]"
time=2026-02-25T00:27:44.256Z level=INFO msg="tavern http request" auth_generic_id=Admin auth_user_name=Admin auth_user_id=73014444033 is_admin=true is_activated=true is_authenticated=true remote_addr=[::1]:53728 http_method=POST http_url=/graphql
time=2026-02-25T00:27:44.256Z level=INFO msg="tavern graphql request" auth_generic_id=Admin auth_user_name=Admin auth_user_id=73014444033 is_admin=true is_activated=true is_authenticated=true operation=GetMe variables=map[]
time=2026-02-25T00:27:44.269Z level=INFO msg="tavern http request" auth_generic_id=Admin auth_user_name=Admin auth_user_id=73014444033 is_admin=true is_activated=true is_authenticated=true remote_addr=[::1]:53728 http_method=GET http_url=/hosts
time=2026-02-25T00:27:44.283Z level=INFO msg="tavern http request" auth_generic_id=Admin auth_user_name=Admin auth_user_id=73014444033 is_admin=true is_activated=true is_authenticated=true remote_addr=[::1]:53728 http_method=GET http_url=/static/media/eldrich.png
time=2026-02-25T00:27:44.286Z level=INFO msg="tavern http request" auth_generic_id=Admin auth_user_name=Admin auth_user_id=73014444033 is_admin=true is_activated=true is_authenticated=true remote_addr=[::1]:53742 http_method=GET http_url=/static/js/main.60f4d1ea.js
time=2026-02-25T00:27:44.287Z level=INFO msg="tavern http request" auth_generic_id=Admin auth_user_name=Admin auth_user_id=73014444033 is_admin=true is_activated=true is_authenticated=true remote_addr=[::1]:53772 http_method=GET http_url=/static/css/main.93837fb6.css
time=2026-02-25T00:27:44.516Z level=INFO msg="tavern http request" auth_generic_id=Admin auth_user_name=Admin auth_user_id=73014444033 is_admin=true is_activated=true is_authenticated=true remote_addr=[::1]:53742 http_method=POST http_url=/graphql
time=2026-02-25T00:27:44.516Z level=INFO msg="tavern graphql request" auth_generic_id=Admin auth_user_name=Admin auth_user_id=73014444033 is_admin=true is_activated=true is_authenticated=true operation=GetSearchFilters variables="map[groupTag:map[kind:group] serviceTag:map[kind:service]]"
time=2026-02-25T00:27:44.520Z level=INFO msg="tavern http request" auth_generic_id=Admin auth_user_name=Admin auth_user_id=73014444033 is_admin=true is_activated=true is_authenticated=true remote_addr=[::1]:53772 http_method=POST http_url=/graphql
time=2026-02-25T00:27:44.526Z level=INFO msg="tavern graphql request" auth_generic_id=Admin auth_user_name=Admin auth_user_id=73014444033 is_admin=true is_activated=true is_authenticated=true operation=GetMe variables=map[]
time=2026-02-25T00:27:44.573Z level=INFO msg="tavern http request" auth_generic_id=Admin auth_user_name=Admin auth_user_id=73014444033 is_admin=true is_activated=true is_authenticated=true remote_addr=[::1]:53772 http_method=GET http_url=/static/media/eldrich.a80c74e8249d2461e174.png
time=2026-02-25T00:27:44.602Z level=INFO msg="tavern http request" auth_generic_id=Admin auth_user_name=Admin auth_user_id=73014444033 is_admin=true is_activated=true is_authenticated=true remote_addr=[::1]:53742 http_method=POST http_url=/graphql
time=2026-02-25T00:27:44.602Z level=INFO msg="tavern graphql request" auth_generic_id=Admin auth_user_name=Admin auth_user_id=73014444033 is_admin=true is_activated=true is_authenticated=true operation=GetHostIds variables="map[first:14 orderBy:[map[direction:DESC field:CREATED_AT]] where:map[]]"
time=2026-02-25T00:27:44.920Z level=INFO msg="tavern http request" auth_generic_id=Admin auth_user_name=Admin auth_user_id=73014444033 is_admin=true is_activated=true is_authenticated=true remote_addr=[::1]:53742 http_method=POST http_url=/graphql
time=2026-02-25T00:27:44.920Z level=INFO msg="tavern graphql request" auth_generic_id=Admin auth_user_name=Admin auth_user_id=73014444033 is_admin=true is_activated=true is_authenticated=true operation=GetHostDetail variables=map[id:17179869484]
time=2026-02-25T00:27:44.921Z level=INFO msg="tavern http request" auth_generic_id=Admin auth_user_name=Admin auth_user_id=73014444033 is_admin=true is_activated=true is_authenticated=true remote_addr=[::1]:53772 http_method=POST http_url=/graphql
time=2026-02-25T00:27:44.921Z level=INFO msg="tavern graphql request" auth_generic_id=Admin auth_user_name=Admin auth_user_id=73014444033 is_admin=true is_activated=true is_authenticated=true operation=GetHostDetail variables=map[id:17179869483]
time=2026-02-25T00:27:44.925Z level=INFO msg="tavern http request" auth_generic_id=Admin auth_user_name=Admin auth_user_id=73014444033 is_admin=true is_activated=true is_authenticated=true remote_addr=[::1]:53742 http_method=POST http_url=/graphql
time=2026-02-25T00:27:44.925Z level=INFO msg="tavern graphql request" auth_generic_id=Admin auth_user_name=Admin auth_user_id=73014444033 is_admin=true is_activated=true is_authenticated=true operation=GetHostDetail variables=map[id:17179869481]
time=2026-02-25T00:27:44.926Z level=INFO msg="tavern http request" auth_generic_id=Admin auth_user_name=Admin auth_user_id=73014444033 is_admin=true is_activated=true is_authenticated=true remote_addr=[::1]:53782 http_method=POST http_url=/graphql
time=2026-02-25T00:27:44.926Z level=INFO msg="tavern graphql request" auth_generic_id=Admin auth_user_name=Admin auth_user_id=73014444033 is_admin=true is_activated=true is_authenticated=true operation=GetHostDetail variables=map[id:17179869480]
time=2026-02-25T00:27:44.927Z level=INFO msg="tavern http request" auth_generic_id=Admin auth_user_name=Admin auth_user_id=73014444033 is_admin=true is_activated=true is_authenticated=true remote_addr=[::1]:53728 http_method=POST http_url=/graphql
time=2026-02-25T00:27:44.927Z level=INFO msg="tavern graphql request" auth_generic_id=Admin auth_user_name=Admin auth_user_id=73014444033 is_admin=true is_activated=true is_authenticated=true operation=GetHostDetail variables=map[id:17179869482]
time=2026-02-25T00:27:44.929Z level=INFO msg="tavern http request" auth_generic_id=Admin auth_user_name=Admin auth_user_id=73014444033 is_admin=true is_activated=true is_authenticated=true remote_addr=[::1]:53772 http_method=POST http_url=/graphql
time=2026-02-25T00:27:44.929Z level=INFO msg="tavern graphql request" auth_generic_id=Admin auth_user_name=Admin auth_user_id=73014444033 is_admin=true is_activated=true is_authenticated=true operation=GetHostDetail variables=map[id:17179869479]
time=2026-02-25T00:27:44.934Z level=INFO msg="tavern http request" auth_generic_id=Admin auth_user_name=Admin auth_user_id=73014444033 is_admin=true is_activated=true is_authenticated=true remote_addr=[::1]:53784 http_method=POST http_url=/graphql
time=2026-02-25T00:27:44.934Z level=INFO msg="tavern graphql request" auth_generic_id=Admin auth_user_name=Admin auth_user_id=73014444033 is_admin=true is_activated=true is_authenticated=true operation=GetHostDetail variables=map[id:17179869478]
time=2026-02-25T00:27:44.935Z level=INFO msg="tavern http request" auth_generic_id=Admin auth_user_name=Admin auth_user_id=73014444033 is_admin=true is_activated=true is_authenticated=true remote_addr=[::1]:53742 http_method=POST http_url=/graphql
time=2026-02-25T00:27:44.935Z level=INFO msg="tavern graphql request" auth_generic_id=Admin auth_user_name=Admin auth_user_id=73014444033 is_admin=true is_activated=true is_authenticated=true operation=GetHostDetail variables=map[id:17179869477]
time=2026-02-25T00:27:44.939Z level=INFO msg="tavern http request" auth_generic_id=Admin auth_user_name=Admin auth_user_id=73014444033 is_admin=true is_activated=true is_authenticated=true remote_addr=[::1]:53796 http_method=POST http_url=/graphql
time=2026-02-25T00:27:44.939Z level=INFO msg="tavern graphql request" auth_generic_id=Admin auth_user_name=Admin auth_user_id=73014444033 is_admin=true is_activated=true is_authenticated=true operation=GetHostDetail variables=map[id:17179869476]
time=2026-02-25T00:27:44.941Z level=INFO msg="tavern http request" auth_generic_id=Admin auth_user_name=Admin auth_user_id=73014444033 is_admin=true is_activated=true is_authenticated=true remote_addr=[::1]:53782 http_method=POST http_url=/graphql
time=2026-02-25T00:27:44.941Z level=INFO msg="tavern graphql request" auth_generic_id=Admin auth_user_name=Admin auth_user_id=73014444033 is_admin=true is_activated=true is_authenticated=true operation=GetHostDetail variables=map[id:17179869475]
time=2026-02-25T00:27:44.943Z level=INFO msg="tavern http request" auth_generic_id=Admin auth_user_name=Admin auth_user_id=73014444033 is_admin=true is_activated=true is_authenticated=true remote_addr=[::1]:53728 http_method=POST http_url=/graphql
time=2026-02-25T00:27:44.943Z level=INFO msg="tavern graphql request" auth_generic_id=Admin auth_user_name=Admin auth_user_id=73014444033 is_admin=true is_activated=true is_authenticated=true operation=GetHostDetail variables=map[id:17179869474]
time=2026-02-25T00:27:44.945Z level=INFO msg="tavern http request" auth_generic_id=Admin auth_user_name=Admin auth_user_id=73014444033 is_admin=true is_activated=true is_authenticated=true remote_addr=[::1]:53784 http_method=POST http_url=/graphql
time=2026-02-25T00:27:44.945Z level=INFO msg="tavern graphql request" auth_generic_id=Admin auth_user_name=Admin auth_user_id=73014444033 is_admin=true is_activated=true is_authenticated=true operation=GetHostDetail variables=map[id:17179869472]
time=2026-02-25T00:27:44.946Z level=INFO msg="tavern http request" auth_generic_id=Admin auth_user_name=Admin auth_user_id=73014444033 is_admin=true is_activated=true is_authenticated=true remote_addr=[::1]:53772 http_method=POST http_url=/graphql
time=2026-02-25T00:27:44.946Z level=INFO msg="tavern graphql request" auth_generic_id=Admin auth_user_name=Admin auth_user_id=73014444033 is_admin=true is_activated=true is_authenticated=true operation=GetHostDetail variables=map[id:17179869473]
time=2026-02-25T00:27:44.948Z level=INFO msg="tavern http request" auth_generic_id=Admin auth_user_name=Admin auth_user_id=73014444033 is_admin=true is_activated=true is_authenticated=true remote_addr=[::1]:53742 http_method=POST http_url=/graphql
time=2026-02-25T00:27:44.948Z level=INFO msg="tavern graphql request" auth_generic_id=Admin auth_user_name=Admin auth_user_id=73014444033 is_admin=true is_activated=true is_authenticated=true operation=GetHostIds variables="map[after:gqFpzwAAAAQAAAEfoXaR1/8kD05YaZ4+6g first:14 orderBy:[map[direction:DESC field:CREATED_AT]] where:map[]]"
time=2026-02-25T00:27:45.018Z level=INFO msg="tavern http request" auth_generic_id=Admin auth_user_name=Admin auth_user_id=73014444033 is_admin=true is_activated=true is_authenticated=true remote_addr=[::1]:53772 http_method=POST http_url=/graphql
time=2026-02-25T00:27:45.018Z level=INFO msg="tavern graphql request" auth_generic_id=Admin auth_user_name=Admin auth_user_id=73014444033 is_admin=true is_activated=true is_authenticated=true operation=GetBeaconsForHost variables=map[hostId:17179869483]
time=2026-02-25T00:27:45.019Z level=INFO msg="tavern http request" auth_generic_id=Admin auth_user_name=Admin auth_user_id=73014444033 is_admin=true is_activated=true is_authenticated=true remote_addr=[::1]:53728 http_method=POST http_url=/graphql
time=2026-02-25T00:27:45.019Z level=INFO msg="tavern graphql request" auth_generic_id=Admin auth_user_name=Admin auth_user_id=73014444033 is_admin=true is_activated=true is_authenticated=true operation=GetBeaconsForHost variables=map[hostId:17179869481]
time=2026-02-25T00:27:45.020Z level=INFO msg="tavern http request" auth_generic_id=Admin auth_user_name=Admin auth_user_id=73014444033 is_admin=true is_activated=true is_authenticated=true remote_addr=[::1]:53782 http_method=POST http_url=/graphql
time=2026-02-25T00:27:45.020Z level=INFO msg="tavern graphql request" auth_generic_id=Admin auth_user_name=Admin auth_user_id=73014444033 is_admin=true is_activated=true is_authenticated=true operation=GetBeaconsForHost variables=map[hostId:17179869480]
time=2026-02-25T00:27:45.020Z level=INFO msg="tavern http request" auth_generic_id=Admin auth_user_name=Admin auth_user_id=73014444033 is_admin=true is_activated=true is_authenticated=true remote_addr=[::1]:53742 http_method=POST http_url=/graphql
time=2026-02-25T00:27:45.021Z level=INFO msg="tavern graphql request" auth_generic_id=Admin auth_user_name=Admin auth_user_id=73014444033 is_admin=true is_activated=true is_authenticated=true operation=GetBeaconsForHost variables=map[hostId:17179869484]
time=2026-02-25T00:27:45.021Z level=INFO msg="tavern http request" auth_generic_id=Admin auth_user_name=Admin auth_user_id=73014444033 is_admin=true is_activated=true is_authenticated=true remote_addr=[::1]:53796 http_method=POST http_url=/graphql
time=2026-02-25T00:27:45.021Z level=INFO msg="tavern graphql request" auth_generic_id=Admin auth_user_name=Admin auth_user_id=73014444033 is_admin=true is_activated=true is_authenticated=true operation=GetBeaconsForHost variables=map[hostId:17179869479]
time=2026-02-25T00:27:45.022Z level=INFO msg="tavern http request" auth_generic_id=Admin auth_user_name=Admin auth_user_id=73014444033 is_admin=true is_activated=true is_authenticated=true remote_addr=[::1]:53784 http_method=POST http_url=/graphql
time=2026-02-25T00:27:45.022Z level=INFO msg="tavern graphql request" auth_generic_id=Admin auth_user_name=Admin auth_user_id=73014444033 is_admin=true is_activated=true is_authenticated=true operation=GetBeaconsForHost variables=map[hostId:17179869482]
time=2026-02-25T00:27:45.030Z level=INFO msg="tavern http request" auth_generic_id=Admin auth_user_name=Admin auth_user_id=73014444033 is_admin=true is_activated=true is_authenticated=true remote_addr=[::1]:53782 http_method=POST http_url=/graphql
time=2026-02-25T00:27:45.030Z level=INFO msg="tavern graphql request" auth_generic_id=Admin auth_user_name=Admin auth_user_id=73014444033 is_admin=true is_activated=true is_authenticated=true operation=GetBeaconsForHost variables=map[hostId:17179869477]
time=2026-02-25T00:27:45.030Z level=INFO msg="tavern http request" auth_generic_id=Admin auth_user_name=Admin auth_user_id=73014444033 is_admin=true is_activated=true is_authenticated=true remote_addr=[::1]:53728 http_method=POST http_url=/graphql
time=2026-02-25T00:27:45.030Z level=INFO msg="tavern graphql request" auth_generic_id=Admin auth_user_name=Admin auth_user_id=73014444033 is_admin=true is_activated=true is_authenticated=true operation=GetBeaconsForHost variables=map[hostId:17179869478]
time=2026-02-25T00:27:45.031Z level=INFO msg="tavern http request" auth_generic_id=Admin auth_user_name=Admin auth_user_id=73014444033 is_admin=true is_activated=true is_authenticated=true remote_addr=[::1]:53784 http_method=POST http_url=/graphql
time=2026-02-25T00:27:45.031Z level=INFO msg="tavern graphql request" auth_generic_id=Admin auth_user_name=Admin auth_user_id=73014444033 is_admin=true is_activated=true is_authenticated=true operation=GetBeaconsForHost variables=map[hostId:17179869476]
time=2026-02-25T00:27:45.032Z level=INFO msg="tavern http request" auth_generic_id=Admin auth_user_name=Admin auth_user_id=73014444033 is_admin=true is_activated=true is_authenticated=true remote_addr=[::1]:53796 http_method=POST http_url=/graphql
time=2026-02-25T00:27:45.032Z level=INFO msg="tavern graphql request" auth_generic_id=Admin auth_user_name=Admin auth_user_id=73014444033 is_admin=true is_activated=true is_authenticated=true operation=GetBeaconsForHost variables=map[hostId:17179869475]
time=2026-02-25T00:27:45.034Z level=INFO msg="tavern http request" auth_generic_id=Admin auth_user_name=Admin auth_user_id=73014444033 is_admin=true is_activated=true is_authenticated=true remote_addr=[::1]:53772 http_method=POST http_url=/graphql
time=2026-02-25T00:27:45.034Z level=INFO msg="tavern graphql request" auth_generic_id=Admin auth_user_name=Admin auth_user_id=73014444033 is_admin=true is_activated=true is_authenticated=true operation=GetBeaconsForHost variables=map[hostId:17179869474]
time=2026-02-25T00:27:45.065Z level=INFO msg="tavern http request" auth_generic_id=Admin auth_user_name=Admin auth_user_id=73014444033 is_admin=true is_activated=true is_authenticated=true remote_addr=[::1]:53772 http_method=POST http_url=/graphql
time=2026-02-25T00:27:45.065Z level=INFO msg="tavern graphql request" auth_generic_id=Admin auth_user_name=Admin auth_user_id=73014444033 is_admin=true is_activated=true is_authenticated=true operation=GetBeaconsForHost variables=map[hostId:17179869473]
time=2026-02-25T00:27:45.068Z level=INFO msg="tavern http request" auth_generic_id=Admin auth_user_name=Admin auth_user_id=73014444033 is_admin=true is_activated=true is_authenticated=true remote_addr=[::1]:53728 http_method=POST http_url=/graphql
time=2026-02-25T00:27:45.068Z level=INFO msg="tavern graphql request" auth_generic_id=Admin auth_user_name=Admin auth_user_id=73014444033 is_admin=true is_activated=true is_authenticated=true operation=GetBeaconsForHost variables=map[hostId:17179869472]
time=2026-02-25T00:27:45.320Z level=INFO msg="tavern http request" auth_generic_id=Admin auth_user_name=Admin auth_user_id=73014444033 is_admin=true is_activated=true is_authenticated=true remote_addr=[::1]:53728 http_method=POST http_url=/graphql
time=2026-02-25T00:27:45.320Z level=INFO msg="tavern graphql request" auth_generic_id=Admin auth_user_name=Admin auth_user_id=73014444033 is_admin=true is_activated=true is_authenticated=true operation=GetHostTaskCount variables=map[where:map[hasBeaconWith:[map[hasHostWith:[map[id:17179869484]]]]]]
time=2026-02-25T00:27:45.323Z level=INFO msg="tavern http request" auth_generic_id=Admin auth_user_name=Admin auth_user_id=73014444033 is_admin=true is_activated=true is_authenticated=true remote_addr=[::1]:53772 http_method=POST http_url=/graphql
time=2026-02-25T00:27:45.323Z level=INFO msg="tavern http request" auth_generic_id=Admin auth_user_name=Admin auth_user_id=73014444033 is_admin=true is_activated=true is_authenticated=true remote_addr=[::1]:53796 http_method=POST http_url=/graphql
time=2026-02-25T00:27:45.324Z level=INFO msg="tavern graphql request" auth_generic_id=Admin auth_user_name=Admin auth_user_id=73014444033 is_admin=true is_activated=true is_authenticated=true operation=GetBeaconIds variables="map[first:14 where:map[hasHostWith:[map[id:17179869484]]]]"
time=2026-02-25T00:27:45.324Z level=INFO msg="tavern graphql request" auth_generic_id=Admin auth_user_name=Admin auth_user_id=73014444033 is_admin=true is_activated=true is_authenticated=true operation=GetHosts variables=map[where:map[id:17179869484]]
time=2026-02-25T00:27:45.355Z level=INFO msg="tavern http request" auth_generic_id=Admin auth_user_name=Admin auth_user_id=73014444033 is_admin=true is_activated=true is_authenticated=true remote_addr=[::1]:53796 http_method=POST http_url=/graphql
time=2026-02-25T00:27:45.355Z level=INFO msg="tavern graphql request" auth_generic_id=Admin auth_user_name=Admin auth_user_id=73014444033 is_admin=true is_activated=true is_authenticated=true operation=GetBeaconDetail variables=map[id:4294968229]
time=2026-02-25T00:27:45.355Z level=INFO msg="tavern http request" auth_generic_id=Admin auth_user_name=Admin auth_user_id=73014444033 is_admin=true is_activated=true is_authenticated=true remote_addr=[::1]:53772 http_method=POST http_url=/graphql
time=2026-02-25T00:27:45.355Z level=INFO msg="tavern graphql request" auth_generic_id=Admin auth_user_name=Admin auth_user_id=73014444033 is_admin=true is_activated=true is_authenticated=true operation=GetBeaconDetail variables=map[id:4294968230]
time=2026-02-25T00:27:45.358Z level=INFO msg="tavern http request" auth_generic_id=Admin auth_user_name=Admin auth_user_id=73014444033 is_admin=true is_activated=true is_authenticated=true remote_addr=[::1]:53728 http_method=POST http_url=/graphql
time=2026-02-25T00:27:45.358Z level=INFO msg="tavern graphql request" auth_generic_id=Admin auth_user_name=Admin auth_user_id=73014444033 is_admin=true is_activated=true is_authenticated=true operation=GetBeaconDetail variables=map[id:4294968231]
time=2026-02-25T00:27:50.364Z level=INFO msg="tavern http request" auth_generic_id=Admin auth_user_name=Admin auth_user_id=73014444033 is_admin=true is_activated=true is_authenticated=true remote_addr=[::1]:53728 http_method=POST http_url=/graphql
time=2026-02-25T00:27:50.364Z level=INFO msg="tavern graphql request" auth_generic_id=Admin auth_user_name=Admin auth_user_id=73014444033 is_admin=true is_activated=true is_authenticated=true operation=GetBeaconDetail variables=map[id:4294968229]
time=2026-02-25T00:27:50.365Z level=INFO msg="tavern http request" auth_generic_id=Admin auth_user_name=Admin auth_user_id=73014444033 is_admin=true is_activated=true is_authenticated=true remote_addr=[::1]:53772 http_method=POST http_url=/graphql
time=2026-02-25T00:27:50.365Z level=INFO msg="tavern graphql request" auth_generic_id=Admin auth_user_name=Admin auth_user_id=73014444033 is_admin=true is_activated=true is_authenticated=true operation=GetBeaconDetail variables=map[id:4294968231]
time=2026-02-25T00:27:50.366Z level=INFO msg="tavern http request" auth_generic_id=Admin auth_user_name=Admin auth_user_id=73014444033 is_admin=true is_activated=true is_authenticated=true remote_addr=[::1]:53796 http_method=POST http_url=/graphql
time=2026-02-25T00:27:50.366Z level=INFO msg="tavern graphql request" auth_generic_id=Admin auth_user_name=Admin auth_user_id=73014444033 is_admin=true is_activated=true is_authenticated=true operation=GetBeaconDetail variables=map[id:4294968230]
time=2026-02-25T00:27:55.371Z level=INFO msg="tavern http request" auth_generic_id=Admin auth_user_name=Admin auth_user_id=73014444033 is_admin=true is_activated=true is_authenticated=true remote_addr=[::1]:53796 http_method=POST http_url=/graphql
time=2026-02-25T00:27:55.371Z level=INFO msg="tavern graphql request" auth_generic_id=Admin auth_user_name=Admin auth_user_id=73014444033 is_admin=true is_activated=true is_authenticated=true operation=GetBeaconDetail variables=map[id:4294968229]
time=2026-02-25T00:27:55.374Z level=INFO msg="tavern http request" auth_generic_id=Admin auth_user_name=Admin auth_user_id=73014444033 is_admin=true is_activated=true is_authenticated=true remote_addr=[::1]:53772 http_method=POST http_url=/graphql
time=2026-02-25T00:27:55.374Z level=INFO msg="tavern graphql request" auth_generic_id=Admin auth_user_name=Admin auth_user_id=73014444033 is_admin=true is_activated=true is_authenticated=true operation=GetBeaconDetail variables=map[id:4294968231]
time=2026-02-25T00:27:55.375Z level=INFO msg="tavern http request" auth_generic_id=Admin auth_user_name=Admin auth_user_id=73014444033 is_admin=true is_activated=true is_authenticated=true remote_addr=[::1]:53728 http_method=POST http_url=/graphql
time=2026-02-25T00:27:55.375Z level=INFO msg="tavern graphql request" auth_generic_id=Admin auth_user_name=Admin auth_user_id=73014444033 is_admin=true is_activated=true is_authenticated=true operation=GetBeaconDetail variables=map[id:4294968230]
