2026/04/15 00:06:35 WARN missing configuration, using default value env_var=ENABLE_DEBUG_LOGGING type=bool default=false
2026/04/15 00:06:35 WARN missing configuration, using default value env_var=ENABLE_JSON_LOGGING type=bool default=false
2026/04/15 00:06:35 WARN missing configuration, using default value env_var=ENABLE_INSTANCE_ID_LOGGING type=bool default=false
time=2026-04-15T00:06:35.355Z level=WARN msg="missing configuration, using default value" env_var=HTTP_LISTEN_ADDR type=string default=0.0.0.0:8000
time=2026-04-15T00:06:35.355Z level=WARN msg="missing configuration, using default value" env_var=GCP_PROJECT_ID type=string default=""
time=2026-04-15T00:06:35.355Z level=WARN msg="missing configuration, using default value" env_var=SECRETS_FILE_PATH type=string default=""
time=2026-04-15T00:06:35.355Z level=ERROR msg="No configuration provided for secret manager path, using a potentially insecure default."
time=2026-04-15T00:06:35.360Z level=WARN msg="missing configuration, using default value" env_var=MYSQL_ADDR type=string default=""
time=2026-04-15T00:06:35.360Z level=WARN msg="mysql is not configured, using sqlite"
time=2026-04-15T00:06:35.360Z level=WARN msg="missing configuration, using default value" env_var=OAUTH_CLIENT_ID type=string default=""
time=2026-04-15T00:06:35.360Z level=WARN msg="missing configuration, using default value" env_var=OAUTH_CLIENT_SECRET type=string default=""
time=2026-04-15T00:06:35.360Z level=WARN msg="missing configuration, using default value" env_var=OAUTH_DOMAIN type=string default=""
time=2026-04-15T00:06:35.360Z level=WARN msg="oauth is not configured, authentication disabled"
time=2026-04-15T00:06:35.360Z level=WARN msg="missing configuration, using default value" env_var=DB_MAX_IDLE_CONNS type=int default=10
time=2026-04-15T00:06:35.360Z level=WARN msg="missing configuration, using default value" env_var=DB_MAX_OPEN_CONNS type=int default=100
time=2026-04-15T00:06:35.360Z level=WARN msg="missing configuration, using default value" env_var=DB_MAX_CONN_LIFETIME type=int default=3600
time=2026-04-15T00:06:35.366Z level=WARN msg="missing configuration, using default value" env_var=DISABLE_DEFAULT_TOMES type=bool default=false
time=2026-04-15T00:06:35.373Z level=WARN msg="missing configuration, using default value" env_var=GCP_PROJECT_ID type=string default=""
time=2026-04-15T00:06:35.373Z level=WARN msg="missing configuration, using default value" env_var=SECRETS_FILE_PATH type=string default=""
time=2026-04-15T00:06:35.373Z level=ERROR msg="No configuration provided for secret manager path, using a potentially insecure default."
time=2026-04-15T00:06:35.378Z level=WARN msg="missing configuration, using default value" env_var=GCP_PROJECT_ID type=string default=""
time=2026-04-15T00:06:35.378Z level=WARN msg="missing configuration, using default value" env_var=SECRETS_FILE_PATH type=string default=""
time=2026-04-15T00:06:35.378Z level=ERROR msg="No configuration provided for secret manager path, using a potentially insecure default."
time=2026-04-15T00:06:35.511Z level=WARN msg="test data is enabled"
time=2026-04-15T00:06:36.134Z level=WARN msg="missing configuration, using default value" env_var=GCP_PROJECT_ID type=string default=""
time=2026-04-15T00:06:36.134Z level=WARN msg="missing configuration, using default value" env_var=PUBSUB_TOPIC_SHELL_INPUT type=string default=mem://shell_input
time=2026-04-15T00:06:36.134Z level=WARN msg="missing configuration, using default value" env_var=PUBSUB_TOPIC_SHELL_OUTPUT type=string default=mem://shell_output
time=2026-04-15T00:06:36.134Z level=WARN msg="missing configuration, using default value" env_var=PUBSUB_SUBSCRIPTION_SHELL_INPUT type=string default=mem://shell_input
time=2026-04-15T00:06:36.134Z level=WARN msg="missing configuration, using default value" env_var=PUBSUB_SUBSCRIPTION_SHELL_OUTPUT type=string default=mem://shell_output
time=2026-04-15T00:06:36.135Z level=WARN msg="missing configuration, using default value" env_var=GCP_PROJECT_ID type=string default=""
time=2026-04-15T00:06:36.135Z level=WARN msg="missing configuration, using default value" env_var=PUBSUB_SUBSCRIBER_MAX_MESSAGES_BUFFERED type=int default=15625
time=2026-04-15T00:06:36.135Z level=WARN msg="missing configuration, using default value" env_var=PUBSUB_GCP_PUBLISH_DELAY_THRESHOLD_MS type=int default=10
time=2026-04-15T00:06:36.135Z level=WARN msg="missing configuration, using default value" env_var=PUBSUB_GCP_PUBLISH_COUNT_THRESHOLD type=int default=100
time=2026-04-15T00:06:36.135Z level=WARN msg="missing configuration, using default value" env_var=PUBSUB_GCP_PUBLISH_BYTE_THRESHOLD type=int default=1000000
time=2026-04-15T00:06:36.135Z level=WARN msg="missing configuration, using default value" env_var=PUBSUB_GCP_PUBLISH_NUM_GOROUTINES type=int default=25
time=2026-04-15T00:06:36.135Z level=WARN msg="missing configuration, using default value" env_var=PUBSUB_GCP_PUBLISH_TIMEOUT_MS type=int default=1000
time=2026-04-15T00:06:36.135Z level=WARN msg="missing configuration, using default value" env_var=PUBSUB_GCP_PUBLISH_FLOW_CONTROL_MAX_OUTSTANDING_MESSAGES type=int default=1000
time=2026-04-15T00:06:36.135Z level=WARN msg="missing configuration, using default value" env_var=PUBSUB_GCP_PUBLISH_FLOW_CONTROL_MAX_OUTSTANDING_BYTES type=int default=-1
time=2026-04-15T00:06:36.135Z level=WARN msg="missing configuration, using default value" env_var=PUBSUB_GCP_PUBLISH_FLOW_CONTROL_LIMIT_EXCEEDED_BEHAVIOR type=string default=ignore
time=2026-04-15T00:06:36.135Z level=WARN msg="missing configuration, using default value" env_var=PUBSUB_GCP_RECEIVE_MAX_EXTENSION_MS type=int default=0
time=2026-04-15T00:06:36.135Z level=WARN msg="missing configuration, using default value" env_var=PUBSUB_GCP_RECEIVE_MAX_DURATION_PER_ACK_EXTENSION_MS type=int default=0
time=2026-04-15T00:06:36.135Z level=WARN msg="missing configuration, using default value" env_var=PUBSUB_GCP_RECEIVE_MIN_DURATION_PER_ACK_EXTENSION_MS type=int default=0
time=2026-04-15T00:06:36.135Z level=WARN msg="missing configuration, using default value" env_var=PUBSUB_GCP_RECEIVE_MAX_OUTSTANDING_MESSAGES type=int default=1000
time=2026-04-15T00:06:36.135Z level=WARN msg="missing configuration, using default value" env_var=PUBSUB_GCP_RECEIVE_MAX_OUTSTANDING_BYTES type=int default=-1
time=2026-04-15T00:06:36.135Z level=WARN msg="missing configuration, using default value" env_var=PUBSUB_GCP_RECEIVE_NUM_GOROUTINES type=int default=10
time=2026-04-15T00:06:36.135Z level=WARN msg="missing configuration, using default value" env_var=PUBSUB_GCP_SUBSCRIPTION_TTL_HOURS type=int default=24
time=2026-04-15T00:06:36.135Z level=WARN msg="missing configuration, using default value" env_var=PUBSUB_GCP_PUBLISH_READY_TIMEOUT_MS type=int default=0
time=2026-04-15T00:06:36.137Z level=WARN msg="missing configuration, using default value" env_var=ENABLE_GRAPHQL_RAW_QUERY_LOGGING type=bool default=false
time=2026-04-15T00:06:36.137Z level=WARN msg="missing configuration, using default value" env_var=GCP_PROJECT_ID type=string default=""
time=2026-04-15T00:06:36.137Z level=WARN msg="missing configuration, using default value" env_var=SECRETS_FILE_PATH type=string default=""
time=2026-04-15T00:06:36.137Z level=ERROR msg="No configuration provided for secret manager path, using a potentially insecure default."
time=2026-04-15T00:06:36.171Z level=INFO msg="public key: O7ocNGYXqIHe+fTTYB2wk+gHOGbnOTiOkjayuqTsWVg="
time=2026-04-15T00:06:36.171Z level=WARN msg="missing configuration, using default value" env_var=GCP_PROJECT_ID type=string default=""
time=2026-04-15T00:06:36.171Z level=WARN msg="missing configuration, using default value" env_var=SECRETS_FILE_PATH type=string default=""
time=2026-04-15T00:06:36.171Z level=ERROR msg="No configuration provided for secret manager path, using a potentially insecure default."
time=2026-04-15T00:06:36.312Z level=WARN msg="missing configuration, using default value" env_var=ENABLE_PPROF type=bool default=false
time=2026-04-15T00:06:36.312Z level=WARN msg="missing configuration, using default value" env_var=ENABLE_METRICS type=bool default=false
time=2026-04-15T00:06:36.312Z level=WARN msg="missing configuration, using default value" env_var=ENABLE_TEST_RUN_AND_EXIT type=bool default=false
time=2026-04-15T00:06:36.312Z level=INFO msg="http server started" http_addr=0.0.0.0:8000
time=2026-04-15T00:07:44.012Z level=INFO msg="tavern http request" auth_generic_id=Admin auth_user_name=Admin auth_user_id=111669149697 is_admin=true is_activated=true is_authenticated=true remote_addr=[::1]:57844 http_method=OPTIONS http_url=/graphql
time=2026-04-15T00:07:44.015Z level=INFO msg="tavern http request" auth_generic_id=Admin auth_user_name=Admin auth_user_id=111669149697 is_admin=true is_activated=true is_authenticated=true remote_addr=[::1]:57844 http_method=POST http_url=/graphql
time=2026-04-15T00:07:44.015Z level=INFO msg="tavern graphql request" auth_generic_id=Admin auth_user_name=Admin auth_user_id=111669149697 is_admin=true is_activated=true is_authenticated=true operation=GetMe variables=map[]
time=2026-04-15T00:07:44.192Z level=INFO msg="tavern http request" auth_generic_id=Admin auth_user_name=Admin auth_user_id=111669149697 is_admin=true is_activated=true is_authenticated=true remote_addr=[::1]:57844 http_method=POST http_url=/graphql
time=2026-04-15T00:07:44.192Z level=INFO msg="tavern graphql request" auth_generic_id=Admin auth_user_name=Admin auth_user_id=111669149697 is_admin=true is_activated=true is_authenticated=true operation=GetNotifications variables=map[first:100]
time=2026-04-15T00:07:44.196Z level=INFO msg="tavern http request" auth_generic_id=Admin auth_user_name=Admin auth_user_id=111669149697 is_admin=true is_activated=true is_authenticated=true remote_addr=[::1]:57846 http_method=POST http_url=/graphql
time=2026-04-15T00:07:44.196Z level=INFO msg="tavern graphql request" auth_generic_id=Admin auth_user_name=Admin auth_user_id=111669149697 is_admin=true is_activated=true is_authenticated=true operation=GetHostIds variables="map[first:14 orderBy:[map[direction:DESC field:CREATED_AT]] where:map[]]"
time=2026-04-15T00:07:44.423Z level=INFO msg="tavern http request" auth_generic_id=Admin auth_user_name=Admin auth_user_id=111669149697 is_admin=true is_activated=true is_authenticated=true remote_addr=[::1]:57844 http_method=POST http_url=/graphql
time=2026-04-15T00:07:44.423Z level=INFO msg="tavern graphql request" auth_generic_id=Admin auth_user_name=Admin auth_user_id=111669149697 is_admin=true is_activated=true is_authenticated=true operation=GetHostDetail variables=map[id:38654705964]
time=2026-04-15T00:07:44.429Z level=INFO msg="tavern http request" auth_generic_id=Admin auth_user_name=Admin auth_user_id=111669149697 is_admin=true is_activated=true is_authenticated=true remote_addr=[::1]:57844 http_method=POST http_url=/graphql
time=2026-04-15T00:07:44.429Z level=INFO msg="tavern graphql request" auth_generic_id=Admin auth_user_name=Admin auth_user_id=111669149697 is_admin=true is_activated=true is_authenticated=true operation=GetHostDetail variables=map[id:38654705963]
time=2026-04-15T00:07:44.436Z level=INFO msg="tavern http request" auth_generic_id=Admin auth_user_name=Admin auth_user_id=111669149697 is_admin=true is_activated=true is_authenticated=true remote_addr=[::1]:57846 http_method=POST http_url=/graphql
time=2026-04-15T00:07:44.436Z level=INFO msg="tavern graphql request" auth_generic_id=Admin auth_user_name=Admin auth_user_id=111669149697 is_admin=true is_activated=true is_authenticated=true operation=GetHostDetail variables=map[id:38654705962]
time=2026-04-15T00:07:44.438Z level=INFO msg="tavern http request" auth_generic_id=Admin auth_user_name=Admin auth_user_id=111669149697 is_admin=true is_activated=true is_authenticated=true remote_addr=[::1]:57844 http_method=POST http_url=/graphql
time=2026-04-15T00:07:44.438Z level=INFO msg="tavern graphql request" auth_generic_id=Admin auth_user_name=Admin auth_user_id=111669149697 is_admin=true is_activated=true is_authenticated=true operation=GetHostDetail variables=map[id:38654705961]
time=2026-04-15T00:07:44.439Z level=INFO msg="tavern http request" auth_generic_id=Admin auth_user_name=Admin auth_user_id=111669149697 is_admin=true is_activated=true is_authenticated=true remote_addr=[::1]:57860 http_method=POST http_url=/graphql
time=2026-04-15T00:07:44.440Z level=INFO msg="tavern graphql request" auth_generic_id=Admin auth_user_name=Admin auth_user_id=111669149697 is_admin=true is_activated=true is_authenticated=true operation=GetHostDetail variables=map[id:38654705960]
time=2026-04-15T00:07:44.452Z level=INFO msg="tavern http request" auth_generic_id=Admin auth_user_name=Admin auth_user_id=111669149697 is_admin=true is_activated=true is_authenticated=true remote_addr=[::1]:57870 http_method=POST http_url=/graphql
time=2026-04-15T00:07:44.457Z level=INFO msg="tavern http request" auth_generic_id=Admin auth_user_name=Admin auth_user_id=111669149697 is_admin=true is_activated=true is_authenticated=true remote_addr=[::1]:57846 http_method=POST http_url=/graphql
time=2026-04-15T00:07:44.457Z level=INFO msg="tavern graphql request" auth_generic_id=Admin auth_user_name=Admin auth_user_id=111669149697 is_admin=true is_activated=true is_authenticated=true operation=GetHostDetail variables=map[id:38654705957]
time=2026-04-15T00:07:44.458Z level=INFO msg="tavern http request" auth_generic_id=Admin auth_user_name=Admin auth_user_id=111669149697 is_admin=true is_activated=true is_authenticated=true remote_addr=[::1]:57886 http_method=POST http_url=/graphql
time=2026-04-15T00:07:44.458Z level=INFO msg="tavern graphql request" auth_generic_id=Admin auth_user_name=Admin auth_user_id=111669149697 is_admin=true is_activated=true is_authenticated=true operation=GetHostDetail variables=map[id:38654705956]
time=2026-04-15T00:07:44.458Z level=INFO msg="tavern http request" auth_generic_id=Admin auth_user_name=Admin auth_user_id=111669149697 is_admin=true is_activated=true is_authenticated=true remote_addr=[::1]:57884 http_method=POST http_url=/graphql
time=2026-04-15T00:07:44.458Z level=INFO msg="tavern graphql request" auth_generic_id=Admin auth_user_name=Admin auth_user_id=111669149697 is_admin=true is_activated=true is_authenticated=true operation=GetHostDetail variables=map[id:38654705958]
time=2026-04-15T00:07:44.459Z level=INFO msg="tavern graphql request" auth_generic_id=Admin auth_user_name=Admin auth_user_id=111669149697 is_admin=true is_activated=true is_authenticated=true operation=GetHostDetail variables=map[id:38654705959]
time=2026-04-15T00:07:44.459Z level=INFO msg="tavern http request" auth_generic_id=Admin auth_user_name=Admin auth_user_id=111669149697 is_admin=true is_activated=true is_authenticated=true remote_addr=[::1]:57844 http_method=POST http_url=/graphql
time=2026-04-15T00:07:44.460Z level=INFO msg="tavern graphql request" auth_generic_id=Admin auth_user_name=Admin auth_user_id=111669149697 is_admin=true is_activated=true is_authenticated=true operation=GetHostDetail variables=map[id:38654705955]
time=2026-04-15T00:07:44.471Z level=INFO msg="tavern http request" auth_generic_id=Admin auth_user_name=Admin auth_user_id=111669149697 is_admin=true is_activated=true is_authenticated=true remote_addr=[::1]:57846 http_method=POST http_url=/graphql
time=2026-04-15T00:07:44.471Z level=INFO msg="tavern graphql request" auth_generic_id=Admin auth_user_name=Admin auth_user_id=111669149697 is_admin=true is_activated=true is_authenticated=true operation=GetHostDetail variables=map[id:38654705953]
time=2026-04-15T00:07:44.472Z level=INFO msg="tavern http request" auth_generic_id=Admin auth_user_name=Admin auth_user_id=111669149697 is_admin=true is_activated=true is_authenticated=true remote_addr=[::1]:57860 http_method=POST http_url=/graphql
time=2026-04-15T00:07:44.472Z level=INFO msg="tavern graphql request" auth_generic_id=Admin auth_user_name=Admin auth_user_id=111669149697 is_admin=true is_activated=true is_authenticated=true operation=GetHostDetail variables=map[id:38654705954]
time=2026-04-15T00:07:44.473Z level=INFO msg="tavern http request" auth_generic_id=Admin auth_user_name=Admin auth_user_id=111669149697 is_admin=true is_activated=true is_authenticated=true remote_addr=[::1]:57886 http_method=POST http_url=/graphql
time=2026-04-15T00:07:44.473Z level=INFO msg="tavern graphql request" auth_generic_id=Admin auth_user_name=Admin auth_user_id=111669149697 is_admin=true is_activated=true is_authenticated=true operation=GetHostDetail variables=map[id:38654705952]
time=2026-04-15T00:07:44.476Z level=INFO msg="tavern http request" auth_generic_id=Admin auth_user_name=Admin auth_user_id=111669149697 is_admin=true is_activated=true is_authenticated=true remote_addr=[::1]:57844 http_method=POST http_url=/graphql
time=2026-04-15T00:07:44.476Z level=INFO msg="tavern graphql request" auth_generic_id=Admin auth_user_name=Admin auth_user_id=111669149697 is_admin=true is_activated=true is_authenticated=true operation=GetHostIds variables="map[after:gqFpzwAAAAkAAAEfoXaR1//ErMlUad7Wiw first:14 orderBy:[map[direction:DESC field:CREATED_AT]] where:map[]]"
time=2026-04-15T00:07:44.887Z level=INFO msg="tavern http request" auth_generic_id=Admin auth_user_name=Admin auth_user_id=111669149697 is_admin=true is_activated=true is_authenticated=true remote_addr=[::1]:57844 http_method=POST http_url=/graphql
time=2026-04-15T00:07:44.888Z level=INFO msg="tavern graphql request" auth_generic_id=Admin auth_user_name=Admin auth_user_id=111669149697 is_admin=true is_activated=true is_authenticated=true operation=GetBeaconsForHost variables=map[hostId:38654705964]
time=2026-04-15T00:07:45.021Z level=INFO msg="tavern http request" auth_generic_id=Admin auth_user_name=Admin auth_user_id=111669149697 is_admin=true is_activated=true is_authenticated=true remote_addr=[::1]:57844 http_method=POST http_url=/graphql
time=2026-04-15T00:07:45.021Z level=INFO msg="tavern graphql request" auth_generic_id=Admin auth_user_name=Admin auth_user_id=111669149697 is_admin=true is_activated=true is_authenticated=true operation=GetBeaconsForHost variables=map[hostId:38654705963]
time=2026-04-15T00:07:45.030Z level=INFO msg="tavern http request" auth_generic_id=Admin auth_user_name=Admin auth_user_id=111669149697 is_admin=true is_activated=true is_authenticated=true remote_addr=[::1]:57844 http_method=POST http_url=/graphql
time=2026-04-15T00:07:45.030Z level=INFO msg="tavern graphql request" auth_generic_id=Admin auth_user_name=Admin auth_user_id=111669149697 is_admin=true is_activated=true is_authenticated=true operation=GetBeaconsForHost variables=map[hostId:38654705957]
time=2026-04-15T00:07:45.030Z level=INFO msg="tavern http request" auth_generic_id=Admin auth_user_name=Admin auth_user_id=111669149697 is_admin=true is_activated=true is_authenticated=true remote_addr=[::1]:57870 http_method=POST http_url=/graphql
time=2026-04-15T00:07:45.030Z level=INFO msg="tavern graphql request" auth_generic_id=Admin auth_user_name=Admin auth_user_id=111669149697 is_admin=true is_activated=true is_authenticated=true operation=GetBeaconsForHost variables=map[hostId:38654705958]
time=2026-04-15T00:07:45.031Z level=INFO msg="tavern http request" auth_generic_id=Admin auth_user_name=Admin auth_user_id=111669149697 is_admin=true is_activated=true is_authenticated=true remote_addr=[::1]:57860 http_method=POST http_url=/graphql
time=2026-04-15T00:07:45.031Z level=INFO msg="tavern graphql request" auth_generic_id=Admin auth_user_name=Admin auth_user_id=111669149697 is_admin=true is_activated=true is_authenticated=true operation=GetBeaconsForHost variables=map[hostId:38654705961]
time=2026-04-15T00:07:45.032Z level=INFO msg="tavern http request" auth_generic_id=Admin auth_user_name=Admin auth_user_id=111669149697 is_admin=true is_activated=true is_authenticated=true remote_addr=[::1]:57884 http_method=POST http_url=/graphql
time=2026-04-15T00:07:45.032Z level=INFO msg="tavern graphql request" auth_generic_id=Admin auth_user_name=Admin auth_user_id=111669149697 is_admin=true is_activated=true is_authenticated=true operation=GetBeaconsForHost variables=map[hostId:38654705959]
time=2026-04-15T00:07:45.033Z level=INFO msg="tavern http request" auth_generic_id=Admin auth_user_name=Admin auth_user_id=111669149697 is_admin=true is_activated=true is_authenticated=true remote_addr=[::1]:57846 http_method=POST http_url=/graphql
time=2026-04-15T00:07:45.033Z level=INFO msg="tavern graphql request" auth_generic_id=Admin auth_user_name=Admin auth_user_id=111669149697 is_admin=true is_activated=true is_authenticated=true operation=GetBeaconsForHost variables=map[hostId:38654705960]
time=2026-04-15T00:07:45.038Z level=INFO msg="tavern http request" auth_generic_id=Admin auth_user_name=Admin auth_user_id=111669149697 is_admin=true is_activated=true is_authenticated=true remote_addr=[::1]:57886 http_method=POST http_url=/graphql
time=2026-04-15T00:07:45.038Z level=INFO msg="tavern graphql request" auth_generic_id=Admin auth_user_name=Admin auth_user_id=111669149697 is_admin=true is_activated=true is_authenticated=true operation=GetBeaconsForHost variables=map[hostId:38654705962]
time=2026-04-15T00:07:45.045Z level=INFO msg="tavern http request" auth_generic_id=Admin auth_user_name=Admin auth_user_id=111669149697 is_admin=true is_activated=true is_authenticated=true remote_addr=[::1]:57884 http_method=POST http_url=/graphql
time=2026-04-15T00:07:45.045Z level=INFO msg="tavern graphql request" auth_generic_id=Admin auth_user_name=Admin auth_user_id=111669149697 is_admin=true is_activated=true is_authenticated=true operation=GetBeaconsForHost variables=map[hostId:38654705956]
time=2026-04-15T00:07:45.053Z level=INFO msg="tavern http request" auth_generic_id=Admin auth_user_name=Admin auth_user_id=111669149697 is_admin=true is_activated=true is_authenticated=true remote_addr=[::1]:57844 http_method=POST http_url=/graphql
time=2026-04-15T00:07:45.053Z level=INFO msg="tavern graphql request" auth_generic_id=Admin auth_user_name=Admin auth_user_id=111669149697 is_admin=true is_activated=true is_authenticated=true operation=GetBeaconsForHost variables=map[hostId:38654705954]
time=2026-04-15T00:07:45.054Z level=INFO msg="tavern http request" auth_generic_id=Admin auth_user_name=Admin auth_user_id=111669149697 is_admin=true is_activated=true is_authenticated=true remote_addr=[::1]:57860 http_method=POST http_url=/graphql
time=2026-04-15T00:07:45.054Z level=INFO msg="tavern graphql request" auth_generic_id=Admin auth_user_name=Admin auth_user_id=111669149697 is_admin=true is_activated=true is_authenticated=true operation=GetBeaconsForHost variables=map[hostId:38654705952]
time=2026-04-15T00:07:45.055Z level=INFO msg="tavern http request" auth_generic_id=Admin auth_user_name=Admin auth_user_id=111669149697 is_admin=true is_activated=true is_authenticated=true remote_addr=[::1]:57846 http_method=POST http_url=/graphql
time=2026-04-15T00:07:45.055Z level=INFO msg="tavern graphql request" auth_generic_id=Admin auth_user_name=Admin auth_user_id=111669149697 is_admin=true is_activated=true is_authenticated=true operation=GetBeaconsForHost variables=map[hostId:38654705953]
time=2026-04-15T00:07:45.058Z level=INFO msg="tavern http request" auth_generic_id=Admin auth_user_name=Admin auth_user_id=111669149697 is_admin=true is_activated=true is_authenticated=true remote_addr=[::1]:57870 http_method=POST http_url=/graphql
time=2026-04-15T00:07:45.060Z level=INFO msg="tavern graphql request" auth_generic_id=Admin auth_user_name=Admin auth_user_id=111669149697 is_admin=true is_activated=true is_authenticated=true operation=GetBeaconsForHost variables=map[hostId:38654705955]
time=2026-04-15T00:08:58.429Z level=INFO msg="tavern http request" auth_generic_id=Admin auth_user_name=Admin auth_user_id=111669149697 is_admin=true is_activated=true is_authenticated=true remote_addr=[::1]:56962 http_method=GET http_url=/status
time=2026-04-15T00:08:58.429Z level=WARN msg="missing configuration, using default value" env_var=GCP_PROJECT_ID type=string default=""
time=2026-04-15T00:08:58.429Z level=WARN msg="missing configuration, using default value" env_var=SECRETS_FILE_PATH type=string default=""
time=2026-04-15T00:08:58.429Z level=ERROR msg="No configuration provided for secret manager path, using a potentially insecure default."
time=2026-04-15T00:10:19.324Z level=INFO msg="tavern http request" auth_generic_id=Admin auth_user_name=Admin auth_user_id=111669149697 is_admin=true is_activated=true is_authenticated=true remote_addr=[::1]:45180 http_method=OPTIONS http_url=/graphql
time=2026-04-15T00:10:19.327Z level=INFO msg="tavern http request" auth_generic_id=Admin auth_user_name=Admin auth_user_id=111669149697 is_admin=true is_activated=true is_authenticated=true remote_addr=[::1]:45180 http_method=POST http_url=/graphql
time=2026-04-15T00:10:19.328Z level=INFO msg="tavern graphql request" auth_generic_id=Admin auth_user_name=Admin auth_user_id=111669149697 is_admin=true is_activated=true is_authenticated=true operation=GetMe variables=map[]
time=2026-04-15T00:10:19.482Z level=INFO msg="tavern http request" auth_generic_id=Admin auth_user_name=Admin auth_user_id=111669149697 is_admin=true is_activated=true is_authenticated=true remote_addr=[::1]:45180 http_method=POST http_url=/graphql
time=2026-04-15T00:10:19.482Z level=INFO msg="tavern graphql request" auth_generic_id=Admin auth_user_name=Admin auth_user_id=111669149697 is_admin=true is_activated=true is_authenticated=true operation=GetNotifications variables=map[first:100]
time=2026-04-15T00:10:19.490Z level=INFO msg="tavern http request" auth_generic_id=Admin auth_user_name=Admin auth_user_id=111669149697 is_admin=true is_activated=true is_authenticated=true remote_addr=[::1]:45196 http_method=POST http_url=/graphql
time=2026-04-15T00:10:19.490Z level=INFO msg="tavern graphql request" auth_generic_id=Admin auth_user_name=Admin auth_user_id=111669149697 is_admin=true is_activated=true is_authenticated=true operation=GetHostIds variables="map[first:14 orderBy:[map[direction:DESC field:CREATED_AT]] where:map[]]"
time=2026-04-15T00:10:19.890Z level=INFO msg="tavern http request" auth_generic_id=Admin auth_user_name=Admin auth_user_id=111669149697 is_admin=true is_activated=true is_authenticated=true remote_addr=[::1]:45180 http_method=POST http_url=/graphql
time=2026-04-15T00:10:19.891Z level=INFO msg="tavern graphql request" auth_generic_id=Admin auth_user_name=Admin auth_user_id=111669149697 is_admin=true is_activated=true is_authenticated=true operation=GetHostDetail variables=map[id:38654705964]
time=2026-04-15T00:10:19.899Z level=INFO msg="tavern http request" auth_generic_id=Admin auth_user_name=Admin auth_user_id=111669149697 is_admin=true is_activated=true is_authenticated=true remote_addr=[::1]:45196 http_method=POST http_url=/graphql
time=2026-04-15T00:10:19.899Z level=INFO msg="tavern graphql request" auth_generic_id=Admin auth_user_name=Admin auth_user_id=111669149697 is_admin=true is_activated=true is_authenticated=true operation=GetHostDetail variables=map[id:38654705963]
time=2026-04-15T00:10:19.900Z level=INFO msg="tavern http request" auth_generic_id=Admin auth_user_name=Admin auth_user_id=111669149697 is_admin=true is_activated=true is_authenticated=true remote_addr=[::1]:45180 http_method=POST http_url=/graphql
time=2026-04-15T00:10:19.901Z level=INFO msg="tavern graphql request" auth_generic_id=Admin auth_user_name=Admin auth_user_id=111669149697 is_admin=true is_activated=true is_authenticated=true operation=GetHostDetail variables=map[id:38654705962]
time=2026-04-15T00:10:19.902Z level=INFO msg="tavern http request" auth_generic_id=Admin auth_user_name=Admin auth_user_id=111669149697 is_admin=true is_activated=true is_authenticated=true remote_addr=[::1]:45244 http_method=POST http_url=/graphql
time=2026-04-15T00:10:19.902Z level=INFO msg="tavern graphql request" auth_generic_id=Admin auth_user_name=Admin auth_user_id=111669149697 is_admin=true is_activated=true is_authenticated=true operation=GetHostDetail variables=map[id:38654705958]
time=2026-04-15T00:10:19.903Z level=INFO msg="tavern http request" auth_generic_id=Admin auth_user_name=Admin auth_user_id=111669149697 is_admin=true is_activated=true is_authenticated=true remote_addr=[::1]:45228 http_method=POST http_url=/graphql
time=2026-04-15T00:10:19.903Z level=INFO msg="tavern graphql request" auth_generic_id=Admin auth_user_name=Admin auth_user_id=111669149697 is_admin=true is_activated=true is_authenticated=true operation=GetHostDetail variables=map[id:38654705959]
time=2026-04-15T00:10:19.906Z level=INFO msg="tavern http request" auth_generic_id=Admin auth_user_name=Admin auth_user_id=111669149697 is_admin=true is_activated=true is_authenticated=true remote_addr=[::1]:45200 http_method=POST http_url=/graphql
time=2026-04-15T00:10:19.906Z level=INFO msg="tavern graphql request" auth_generic_id=Admin auth_user_name=Admin auth_user_id=111669149697 is_admin=true is_activated=true is_authenticated=true operation=GetHostDetail variables=map[id:38654705961]
time=2026-04-15T00:10:19.907Z level=INFO msg="tavern http request" auth_generic_id=Admin auth_user_name=Admin auth_user_id=111669149697 is_admin=true is_activated=true is_authenticated=true remote_addr=[::1]:45214 http_method=POST http_url=/graphql
time=2026-04-15T00:10:19.907Z level=INFO msg="tavern graphql request" auth_generic_id=Admin auth_user_name=Admin auth_user_id=111669149697 is_admin=true is_activated=true is_authenticated=true operation=GetHostDetail variables=map[id:38654705960]
time=2026-04-15T00:10:19.908Z level=INFO msg="tavern http request" auth_generic_id=Admin auth_user_name=Admin auth_user_id=111669149697 is_admin=true is_activated=true is_authenticated=true remote_addr=[::1]:45180 http_method=POST http_url=/graphql
time=2026-04-15T00:10:19.910Z level=INFO msg="tavern graphql request" auth_generic_id=Admin auth_user_name=Admin auth_user_id=111669149697 is_admin=true is_activated=true is_authenticated=true operation=GetHostDetail variables=map[id:38654705957]
time=2026-04-15T00:10:19.915Z level=INFO msg="tavern http request" auth_generic_id=Admin auth_user_name=Admin auth_user_id=111669149697 is_admin=true is_activated=true is_authenticated=true remote_addr=[::1]:45200 http_method=POST http_url=/graphql
time=2026-04-15T00:10:19.915Z level=INFO msg="tavern graphql request" auth_generic_id=Admin auth_user_name=Admin auth_user_id=111669149697 is_admin=true is_activated=true is_authenticated=true operation=GetHostDetail variables=map[id:38654705954]
time=2026-04-15T00:10:19.916Z level=INFO msg="tavern http request" auth_generic_id=Admin auth_user_name=Admin auth_user_id=111669149697 is_admin=true is_activated=true is_authenticated=true remote_addr=[::1]:45180 http_method=POST http_url=/graphql
time=2026-04-15T00:10:19.916Z level=INFO msg="tavern http request" auth_generic_id=Admin auth_user_name=Admin auth_user_id=111669149697 is_admin=true is_activated=true is_authenticated=true remote_addr=[::1]:45228 http_method=POST http_url=/graphql
time=2026-04-15T00:10:19.916Z level=INFO msg="tavern graphql request" auth_generic_id=Admin auth_user_name=Admin auth_user_id=111669149697 is_admin=true is_activated=true is_authenticated=true operation=GetHostDetail variables=map[id:38654705953]
time=2026-04-15T00:10:19.917Z level=INFO msg="tavern graphql request" auth_generic_id=Admin auth_user_name=Admin auth_user_id=111669149697 is_admin=true is_activated=true is_authenticated=true operation=GetHostDetail variables=map[id:38654705955]
time=2026-04-15T00:10:19.917Z level=INFO msg="tavern http request" auth_generic_id=Admin auth_user_name=Admin auth_user_id=111669149697 is_admin=true is_activated=true is_authenticated=true remote_addr=[::1]:45244 http_method=POST http_url=/graphql
time=2026-04-15T00:10:19.918Z level=INFO msg="tavern graphql request" auth_generic_id=Admin auth_user_name=Admin auth_user_id=111669149697 is_admin=true is_activated=true is_authenticated=true operation=GetHostDetail variables=map[id:38654705956]
time=2026-04-15T00:10:19.918Z level=INFO msg="tavern http request" auth_generic_id=Admin auth_user_name=Admin auth_user_id=111669149697 is_admin=true is_activated=true is_authenticated=true remote_addr=[::1]:45214 http_method=POST http_url=/graphql
time=2026-04-15T00:10:19.918Z level=INFO msg="tavern graphql request" auth_generic_id=Admin auth_user_name=Admin auth_user_id=111669149697 is_admin=true is_activated=true is_authenticated=true operation=GetHostDetail variables=map[id:38654705952]
time=2026-04-15T00:10:19.926Z level=INFO msg="tavern http request" auth_generic_id=Admin auth_user_name=Admin auth_user_id=111669149697 is_admin=true is_activated=true is_authenticated=true remote_addr=[::1]:45214 http_method=POST http_url=/graphql
time=2026-04-15T00:10:19.926Z level=INFO msg="tavern graphql request" auth_generic_id=Admin auth_user_name=Admin auth_user_id=111669149697 is_admin=true is_activated=true is_authenticated=true operation=GetHostIds variables="map[after:gqFpzwAAAAkAAAEfoXaR1//ErMlUad7Wiw first:14 orderBy:[map[direction:DESC field:CREATED_AT]] where:map[]]"
time=2026-04-15T00:10:19.994Z level=INFO msg="tavern http request" auth_generic_id=Admin auth_user_name=Admin auth_user_id=111669149697 is_admin=true is_activated=true is_authenticated=true remote_addr=[::1]:45214 http_method=POST http_url=/graphql
time=2026-04-15T00:10:19.994Z level=INFO msg="tavern graphql request" auth_generic_id=Admin auth_user_name=Admin auth_user_id=111669149697 is_admin=true is_activated=true is_authenticated=true operation=GetBeaconsForHost variables=map[hostId:38654705964]
time=2026-04-15T00:10:20.099Z level=INFO msg="tavern http request" auth_generic_id=Admin auth_user_name=Admin auth_user_id=111669149697 is_admin=true is_activated=true is_authenticated=true remote_addr=[::1]:45214 http_method=POST http_url=/graphql
time=2026-04-15T00:10:20.102Z level=INFO msg="tavern graphql request" auth_generic_id=Admin auth_user_name=Admin auth_user_id=111669149697 is_admin=true is_activated=true is_authenticated=true operation=GetBeaconsForHost variables=map[hostId:38654705963]
time=2026-04-15T00:10:20.099Z level=INFO msg="tavern http request" auth_generic_id=Admin auth_user_name=Admin auth_user_id=111669149697 is_admin=true is_activated=true is_authenticated=true remote_addr=[::1]:45180 http_method=POST http_url=/graphql
time=2026-04-15T00:10:20.102Z level=INFO msg="tavern graphql request" auth_generic_id=Admin auth_user_name=Admin auth_user_id=111669149697 is_admin=true is_activated=true is_authenticated=true operation=GetBeaconsForHost variables=map[hostId:38654705962]
time=2026-04-15T00:10:20.100Z level=INFO msg="tavern http request" auth_generic_id=Admin auth_user_name=Admin auth_user_id=111669149697 is_admin=true is_activated=true is_authenticated=true remote_addr=[::1]:45244 http_method=POST http_url=/graphql
time=2026-04-15T00:10:20.102Z level=INFO msg="tavern graphql request" auth_generic_id=Admin auth_user_name=Admin auth_user_id=111669149697 is_admin=true is_activated=true is_authenticated=true operation=GetBeaconsForHost variables=map[hostId:38654705961]
time=2026-04-15T00:10:20.101Z level=INFO msg="tavern http request" auth_generic_id=Admin auth_user_name=Admin auth_user_id=111669149697 is_admin=true is_activated=true is_authenticated=true remote_addr=[::1]:45200 http_method=POST http_url=/graphql
time=2026-04-15T00:10:20.103Z level=INFO msg="tavern graphql request" auth_generic_id=Admin auth_user_name=Admin auth_user_id=111669149697 is_admin=true is_activated=true is_authenticated=true operation=GetBeaconsForHost variables=map[hostId:38654705960]
time=2026-04-15T00:10:20.104Z level=INFO msg="tavern http request" auth_generic_id=Admin auth_user_name=Admin auth_user_id=111669149697 is_admin=true is_activated=true is_authenticated=true remote_addr=[::1]:45228 http_method=POST http_url=/graphql
time=2026-04-15T00:10:20.105Z level=INFO msg="tavern graphql request" auth_generic_id=Admin auth_user_name=Admin auth_user_id=111669149697 is_admin=true is_activated=true is_authenticated=true operation=GetBeaconsForHost variables=map[hostId:38654705959]
time=2026-04-15T00:10:20.109Z level=INFO msg="tavern http request" auth_generic_id=Admin auth_user_name=Admin auth_user_id=111669149697 is_admin=true is_activated=true is_authenticated=true remote_addr=[::1]:45196 http_method=POST http_url=/graphql
time=2026-04-15T00:10:20.110Z level=INFO msg="tavern graphql request" auth_generic_id=Admin auth_user_name=Admin auth_user_id=111669149697 is_admin=true is_activated=true is_authenticated=true operation=GetBeaconsForHost variables=map[hostId:38654705958]
time=2026-04-15T00:10:20.117Z level=INFO msg="tavern http request" auth_generic_id=Admin auth_user_name=Admin auth_user_id=111669149697 is_admin=true is_activated=true is_authenticated=true remote_addr=[::1]:45200 http_method=POST http_url=/graphql
time=2026-04-15T00:10:20.117Z level=INFO msg="tavern graphql request" auth_generic_id=Admin auth_user_name=Admin auth_user_id=111669149697 is_admin=true is_activated=true is_authenticated=true operation=GetBeaconsForHost variables=map[hostId:38654705953]
time=2026-04-15T00:10:20.118Z level=INFO msg="tavern http request" auth_generic_id=Admin auth_user_name=Admin auth_user_id=111669149697 is_admin=true is_activated=true is_authenticated=true remote_addr=[::1]:45180 http_method=POST http_url=/graphql
time=2026-04-15T00:10:20.118Z level=INFO msg="tavern graphql request" auth_generic_id=Admin auth_user_name=Admin auth_user_id=111669149697 is_admin=true is_activated=true is_authenticated=true operation=GetBeaconsForHost variables=map[hostId:38654705956]
time=2026-04-15T00:10:20.119Z level=INFO msg="tavern http request" auth_generic_id=Admin auth_user_name=Admin auth_user_id=111669149697 is_admin=true is_activated=true is_authenticated=true remote_addr=[::1]:45228 http_method=POST http_url=/graphql
time=2026-04-15T00:10:20.119Z level=INFO msg="tavern graphql request" auth_generic_id=Admin auth_user_name=Admin auth_user_id=111669149697 is_admin=true is_activated=true is_authenticated=true operation=GetBeaconsForHost variables=map[hostId:38654705954]
time=2026-04-15T00:10:20.120Z level=INFO msg="tavern http request" auth_generic_id=Admin auth_user_name=Admin auth_user_id=111669149697 is_admin=true is_activated=true is_authenticated=true remote_addr=[::1]:45244 http_method=POST http_url=/graphql
time=2026-04-15T00:10:20.120Z level=INFO msg="tavern graphql request" auth_generic_id=Admin auth_user_name=Admin auth_user_id=111669149697 is_admin=true is_activated=true is_authenticated=true operation=GetBeaconsForHost variables=map[hostId:38654705955]
time=2026-04-15T00:10:20.120Z level=INFO msg="tavern http request" auth_generic_id=Admin auth_user_name=Admin auth_user_id=111669149697 is_admin=true is_activated=true is_authenticated=true remote_addr=[::1]:45196 http_method=POST http_url=/graphql
time=2026-04-15T00:10:20.120Z level=INFO msg="tavern graphql request" auth_generic_id=Admin auth_user_name=Admin auth_user_id=111669149697 is_admin=true is_activated=true is_authenticated=true operation=GetBeaconsForHost variables=map[hostId:38654705952]
time=2026-04-15T00:10:20.121Z level=INFO msg="tavern http request" auth_generic_id=Admin auth_user_name=Admin auth_user_id=111669149697 is_admin=true is_activated=true is_authenticated=true remote_addr=[::1]:45214 http_method=POST http_url=/graphql
time=2026-04-15T00:10:20.121Z level=INFO msg="tavern graphql request" auth_generic_id=Admin auth_user_name=Admin auth_user_id=111669149697 is_admin=true is_activated=true is_authenticated=true operation=GetBeaconsForHost variables=map[hostId:38654705957]
time=2026-04-15T00:11:23.208Z level=INFO msg="tavern http request" auth_generic_id=Admin auth_user_name=Admin auth_user_id=111669149697 is_admin=true is_activated=true is_authenticated=true remote_addr=[::1]:35108 http_method=POST http_url=/graphql
time=2026-04-15T00:11:23.209Z level=INFO msg="tavern graphql request" auth_generic_id=Admin auth_user_name=Admin auth_user_id=111669149697 is_admin=true is_activated=true is_authenticated=true operation="" variables=map[]
time=2026-04-15T00:12:07.896Z level=INFO msg="tavern http request" auth_generic_id=Admin auth_user_name=Admin auth_user_id=111669149697 is_admin=true is_activated=true is_authenticated=true remote_addr=[::1]:44476 http_method=OPTIONS http_url=/graphql
time=2026-04-15T00:12:07.899Z level=INFO msg="tavern http request" auth_generic_id=Admin auth_user_name=Admin auth_user_id=111669149697 is_admin=true is_activated=true is_authenticated=true remote_addr=[::1]:44476 http_method=POST http_url=/graphql
time=2026-04-15T00:12:07.899Z level=INFO msg="tavern graphql request" auth_generic_id=Admin auth_user_name=Admin auth_user_id=111669149697 is_admin=true is_activated=true is_authenticated=true operation=GetMe variables=map[]
time=2026-04-15T00:12:08.044Z level=INFO msg="tavern http request" auth_generic_id=Admin auth_user_name=Admin auth_user_id=111669149697 is_admin=true is_activated=true is_authenticated=true remote_addr=[::1]:44476 http_method=POST http_url=/graphql
time=2026-04-15T00:12:08.045Z level=INFO msg="tavern graphql request" auth_generic_id=Admin auth_user_name=Admin auth_user_id=111669149697 is_admin=true is_activated=true is_authenticated=true operation=GetNotifications variables=map[first:100]
time=2026-04-15T00:12:08.051Z level=INFO msg="tavern http request" auth_generic_id=Admin auth_user_name=Admin auth_user_id=111669149697 is_admin=true is_activated=true is_authenticated=true remote_addr=[::1]:44484 http_method=POST http_url=/graphql
time=2026-04-15T00:12:08.051Z level=INFO msg="tavern graphql request" auth_generic_id=Admin auth_user_name=Admin auth_user_id=111669149697 is_admin=true is_activated=true is_authenticated=true operation=GetHostIds variables="map[first:14 orderBy:[map[direction:DESC field:CREATED_AT]] where:map[]]"
time=2026-04-15T00:12:08.437Z level=INFO msg="tavern http request" auth_generic_id=Admin auth_user_name=Admin auth_user_id=111669149697 is_admin=true is_activated=true is_authenticated=true remote_addr=[::1]:44476 http_method=POST http_url=/graphql
time=2026-04-15T00:12:08.437Z level=INFO msg="tavern graphql request" auth_generic_id=Admin auth_user_name=Admin auth_user_id=111669149697 is_admin=true is_activated=true is_authenticated=true operation=GetHostDetail variables=map[id:38654705964]
time=2026-04-15T00:12:08.439Z level=INFO msg="tavern http request" auth_generic_id=Admin auth_user_name=Admin auth_user_id=111669149697 is_admin=true is_activated=true is_authenticated=true remote_addr=[::1]:44484 http_method=POST http_url=/graphql
time=2026-04-15T00:12:08.439Z level=INFO msg="tavern graphql request" auth_generic_id=Admin auth_user_name=Admin auth_user_id=111669149697 is_admin=true is_activated=true is_authenticated=true operation=GetHostDetail variables=map[id:38654705963]
time=2026-04-15T00:12:08.448Z level=INFO msg="tavern http request" auth_generic_id=Admin auth_user_name=Admin auth_user_id=111669149697 is_admin=true is_activated=true is_authenticated=true remote_addr=[::1]:44500 http_method=POST http_url=/graphql
time=2026-04-15T00:12:08.448Z level=INFO msg="tavern graphql request" auth_generic_id=Admin auth_user_name=Admin auth_user_id=111669149697 is_admin=true is_activated=true is_authenticated=true operation=GetHostDetail variables=map[id:38654705962]
time=2026-04-15T00:12:08.450Z level=INFO msg="tavern http request" auth_generic_id=Admin auth_user_name=Admin auth_user_id=111669149697 is_admin=true is_activated=true is_authenticated=true remote_addr=[::1]:44514 http_method=POST http_url=/graphql
time=2026-04-15T00:12:08.450Z level=INFO msg="tavern graphql request" auth_generic_id=Admin auth_user_name=Admin auth_user_id=111669149697 is_admin=true is_activated=true is_authenticated=true operation=GetHostDetail variables=map[id:38654705961]
time=2026-04-15T00:12:08.451Z level=INFO msg="tavern http request" auth_generic_id=Admin auth_user_name=Admin auth_user_id=111669149697 is_admin=true is_activated=true is_authenticated=true remote_addr=[::1]:44484 http_method=POST http_url=/graphql
time=2026-04-15T00:12:08.451Z level=INFO msg="tavern graphql request" auth_generic_id=Admin auth_user_name=Admin auth_user_id=111669149697 is_admin=true is_activated=true is_authenticated=true operation=GetHostDetail variables=map[id:38654705960]
time=2026-04-15T00:12:08.463Z level=INFO msg="tavern http request" auth_generic_id=Admin auth_user_name=Admin auth_user_id=111669149697 is_admin=true is_activated=true is_authenticated=true remote_addr=[::1]:44518 http_method=POST http_url=/graphql
time=2026-04-15T00:12:08.463Z level=INFO msg="tavern graphql request" auth_generic_id=Admin auth_user_name=Admin auth_user_id=111669149697 is_admin=true is_activated=true is_authenticated=true operation=GetHostDetail variables=map[id:38654705959]
time=2026-04-15T00:12:08.469Z level=INFO msg="tavern http request" auth_generic_id=Admin auth_user_name=Admin auth_user_id=111669149697 is_admin=true is_activated=true is_authenticated=true remote_addr=[::1]:44524 http_method=POST http_url=/graphql
time=2026-04-15T00:12:08.470Z level=INFO msg="tavern graphql request" auth_generic_id=Admin auth_user_name=Admin auth_user_id=111669149697 is_admin=true is_activated=true is_authenticated=true operation=GetHostDetail variables=map[id:38654705958]
time=2026-04-15T00:12:08.472Z level=INFO msg="tavern http request" auth_generic_id=Admin auth_user_name=Admin auth_user_id=111669149697 is_admin=true is_activated=true is_authenticated=true remote_addr=[::1]:44514 http_method=POST http_url=/graphql
time=2026-04-15T00:12:08.472Z level=INFO msg="tavern graphql request" auth_generic_id=Admin auth_user_name=Admin auth_user_id=111669149697 is_admin=true is_activated=true is_authenticated=true operation=GetHostDetail variables=map[id:38654705955]
time=2026-04-15T00:12:08.473Z level=INFO msg="tavern http request" auth_generic_id=Admin auth_user_name=Admin auth_user_id=111669149697 is_admin=true is_activated=true is_authenticated=true remote_addr=[::1]:44524 http_method=POST http_url=/graphql
time=2026-04-15T00:12:08.473Z level=INFO msg="tavern graphql request" auth_generic_id=Admin auth_user_name=Admin auth_user_id=111669149697 is_admin=true is_activated=true is_authenticated=true operation=GetHostDetail variables=map[id:38654705952]
time=2026-04-15T00:12:08.473Z level=INFO msg="tavern http request" auth_generic_id=Admin auth_user_name=Admin auth_user_id=111669149697 is_admin=true is_activated=true is_authenticated=true remote_addr=[::1]:44484 http_method=POST http_url=/graphql
time=2026-04-15T00:12:08.474Z level=INFO msg="tavern graphql request" auth_generic_id=Admin auth_user_name=Admin auth_user_id=111669149697 is_admin=true is_activated=true is_authenticated=true operation=GetHostDetail variables=map[id:38654705954]
time=2026-04-15T00:12:08.474Z level=INFO msg="tavern http request" auth_generic_id=Admin auth_user_name=Admin auth_user_id=111669149697 is_admin=true is_activated=true is_authenticated=true remote_addr=[::1]:44518 http_method=POST http_url=/graphql
time=2026-04-15T00:12:08.476Z level=INFO msg="tavern graphql request" auth_generic_id=Admin auth_user_name=Admin auth_user_id=111669149697 is_admin=true is_activated=true is_authenticated=true operation=GetHostDetail variables=map[id:38654705953]
time=2026-04-15T00:12:08.477Z level=INFO msg="tavern http request" auth_generic_id=Admin auth_user_name=Admin auth_user_id=111669149697 is_admin=true is_activated=true is_authenticated=true remote_addr=[::1]:44524 http_method=POST http_url=/graphql
time=2026-04-15T00:12:08.477Z level=INFO msg="tavern graphql request" auth_generic_id=Admin auth_user_name=Admin auth_user_id=111669149697 is_admin=true is_activated=true is_authenticated=true operation=GetHostIds variables="map[after:gqFpzwAAAAkAAAEfoXaR1//ErMlUad7Wiw first:14 orderBy:[map[direction:DESC field:CREATED_AT]] where:map[]]"
time=2026-04-15T00:12:08.480Z level=INFO msg="tavern http request" auth_generic_id=Admin auth_user_name=Admin auth_user_id=111669149697 is_admin=true is_activated=true is_authenticated=true remote_addr=[::1]:44500 http_method=POST http_url=/graphql
time=2026-04-15T00:12:08.480Z level=INFO msg="tavern graphql request" auth_generic_id=Admin auth_user_name=Admin auth_user_id=111669149697 is_admin=true is_activated=true is_authenticated=true operation=GetHostDetail variables=map[id:38654705956]
time=2026-04-15T00:12:08.483Z level=INFO msg="tavern http request" auth_generic_id=Admin auth_user_name=Admin auth_user_id=111669149697 is_admin=true is_activated=true is_authenticated=true remote_addr=[::1]:44476 http_method=POST http_url=/graphql
time=2026-04-15T00:12:08.484Z level=INFO msg="tavern graphql request" auth_generic_id=Admin auth_user_name=Admin auth_user_id=111669149697 is_admin=true is_activated=true is_authenticated=true operation=GetHostDetail variables=map[id:38654705957]
time=2026-04-15T00:12:08.531Z level=INFO msg="tavern http request" auth_generic_id=Admin auth_user_name=Admin auth_user_id=111669149697 is_admin=true is_activated=true is_authenticated=true remote_addr=[::1]:44476 http_method=POST http_url=/graphql
time=2026-04-15T00:12:08.531Z level=INFO msg="tavern graphql request" auth_generic_id=Admin auth_user_name=Admin auth_user_id=111669149697 is_admin=true is_activated=true is_authenticated=true operation=GetBeaconsForHost variables=map[hostId:38654705964]
time=2026-04-15T00:12:08.639Z level=INFO msg="tavern http request" auth_generic_id=Admin auth_user_name=Admin auth_user_id=111669149697 is_admin=true is_activated=true is_authenticated=true remote_addr=[::1]:44476 http_method=POST http_url=/graphql
time=2026-04-15T00:12:08.639Z level=INFO msg="tavern graphql request" auth_generic_id=Admin auth_user_name=Admin auth_user_id=111669149697 is_admin=true is_activated=true is_authenticated=true operation=GetBeaconsForHost variables=map[hostId:38654705963]
time=2026-04-15T00:12:08.645Z level=INFO msg="tavern http request" auth_generic_id=Admin auth_user_name=Admin auth_user_id=111669149697 is_admin=true is_activated=true is_authenticated=true remote_addr=[::1]:44484 http_method=POST http_url=/graphql
time=2026-04-15T00:12:08.645Z level=INFO msg="tavern http request" auth_generic_id=Admin auth_user_name=Admin auth_user_id=111669149697 is_admin=true is_activated=true is_authenticated=true remote_addr=[::1]:44500 http_method=POST http_url=/graphql
time=2026-04-15T00:12:08.645Z level=INFO msg="tavern graphql request" auth_generic_id=Admin auth_user_name=Admin auth_user_id=111669149697 is_admin=true is_activated=true is_authenticated=true operation=GetBeaconsForHost variables=map[hostId:38654705961]
time=2026-04-15T00:12:08.646Z level=INFO msg="tavern graphql request" auth_generic_id=Admin auth_user_name=Admin auth_user_id=111669149697 is_admin=true is_activated=true is_authenticated=true operation=GetBeaconsForHost variables=map[hostId:38654705962]
time=2026-04-15T00:12:08.648Z level=INFO msg="tavern http request" auth_generic_id=Admin auth_user_name=Admin auth_user_id=111669149697 is_admin=true is_activated=true is_authenticated=true remote_addr=[::1]:44524 http_method=POST http_url=/graphql
time=2026-04-15T00:12:08.648Z level=INFO msg="tavern graphql request" auth_generic_id=Admin auth_user_name=Admin auth_user_id=111669149697 is_admin=true is_activated=true is_authenticated=true operation=GetBeaconsForHost variables=map[hostId:38654705960]
time=2026-04-15T00:12:08.651Z level=INFO msg="tavern http request" auth_generic_id=Admin auth_user_name=Admin auth_user_id=111669149697 is_admin=true is_activated=true is_authenticated=true remote_addr=[::1]:44518 http_method=POST http_url=/graphql
time=2026-04-15T00:12:08.651Z level=INFO msg="tavern graphql request" auth_generic_id=Admin auth_user_name=Admin auth_user_id=111669149697 is_admin=true is_activated=true is_authenticated=true operation=GetBeaconsForHost variables=map[hostId:38654705959]
time=2026-04-15T00:12:08.653Z level=INFO msg="tavern http request" auth_generic_id=Admin auth_user_name=Admin auth_user_id=111669149697 is_admin=true is_activated=true is_authenticated=true remote_addr=[::1]:44514 http_method=POST http_url=/graphql
time=2026-04-15T00:12:08.653Z level=INFO msg="tavern graphql request" auth_generic_id=Admin auth_user_name=Admin auth_user_id=111669149697 is_admin=true is_activated=true is_authenticated=true operation=GetBeaconsForHost variables=map[hostId:38654705958]
time=2026-04-15T00:12:08.657Z level=INFO msg="tavern http request" auth_generic_id=Admin auth_user_name=Admin auth_user_id=111669149697 is_admin=true is_activated=true is_authenticated=true remote_addr=[::1]:44524 http_method=POST http_url=/graphql
time=2026-04-15T00:12:08.658Z level=INFO msg="tavern graphql request" auth_generic_id=Admin auth_user_name=Admin auth_user_id=111669149697 is_admin=true is_activated=true is_authenticated=true operation=GetBeaconsForHost variables=map[hostId:38654705956]
time=2026-04-15T00:12:08.659Z level=INFO msg="tavern http request" auth_generic_id=Admin auth_user_name=Admin auth_user_id=111669149697 is_admin=true is_activated=true is_authenticated=true remote_addr=[::1]:44484 http_method=POST http_url=/graphql
time=2026-04-15T00:12:08.659Z level=INFO msg="tavern graphql request" auth_generic_id=Admin auth_user_name=Admin auth_user_id=111669149697 is_admin=true is_activated=true is_authenticated=true operation=GetBeaconsForHost variables=map[hostId:38654705955]
time=2026-04-15T00:12:08.659Z level=INFO msg="tavern http request" auth_generic_id=Admin auth_user_name=Admin auth_user_id=111669149697 is_admin=true is_activated=true is_authenticated=true remote_addr=[::1]:44500 http_method=POST http_url=/graphql
time=2026-04-15T00:12:08.659Z level=INFO msg="tavern graphql request" auth_generic_id=Admin auth_user_name=Admin auth_user_id=111669149697 is_admin=true is_activated=true is_authenticated=true operation=GetBeaconsForHost variables=map[hostId:38654705954]
time=2026-04-15T00:12:08.662Z level=INFO msg="tavern http request" auth_generic_id=Admin auth_user_name=Admin auth_user_id=111669149697 is_admin=true is_activated=true is_authenticated=true remote_addr=[::1]:44476 http_method=POST http_url=/graphql
time=2026-04-15T00:12:08.662Z level=INFO msg="tavern graphql request" auth_generic_id=Admin auth_user_name=Admin auth_user_id=111669149697 is_admin=true is_activated=true is_authenticated=true operation=GetBeaconsForHost variables=map[hostId:38654705957]
time=2026-04-15T00:12:08.664Z level=INFO msg="tavern http request" auth_generic_id=Admin auth_user_name=Admin auth_user_id=111669149697 is_admin=true is_activated=true is_authenticated=true remote_addr=[::1]:44514 http_method=POST http_url=/graphql
time=2026-04-15T00:12:08.664Z level=INFO msg="tavern graphql request" auth_generic_id=Admin auth_user_name=Admin auth_user_id=111669149697 is_admin=true is_activated=true is_authenticated=true operation=GetBeaconsForHost variables=map[hostId:38654705952]
time=2026-04-15T00:12:08.664Z level=INFO msg="tavern http request" auth_generic_id=Admin auth_user_name=Admin auth_user_id=111669149697 is_admin=true is_activated=true is_authenticated=true remote_addr=[::1]:44518 http_method=POST http_url=/graphql
time=2026-04-15T00:12:08.664Z level=INFO msg="tavern graphql request" auth_generic_id=Admin auth_user_name=Admin auth_user_id=111669149697 is_admin=true is_activated=true is_authenticated=true operation=GetBeaconsForHost variables=map[hostId:38654705953]
time=2026-04-15T00:12:13.485Z level=INFO msg="tavern http request" auth_generic_id=Admin auth_user_name=Admin auth_user_id=111669149697 is_admin=true is_activated=true is_authenticated=true remote_addr=[::1]:44518 http_method=OPTIONS http_url=/graphql
time=2026-04-15T00:12:13.486Z level=INFO msg="tavern http request" auth_generic_id=Admin auth_user_name=Admin auth_user_id=111669149697 is_admin=true is_activated=true is_authenticated=true remote_addr=[::1]:44514 http_method=OPTIONS http_url=/graphql
time=2026-04-15T00:12:13.487Z level=INFO msg="tavern http request" auth_generic_id=Admin auth_user_name=Admin auth_user_id=111669149697 is_admin=true is_activated=true is_authenticated=true remote_addr=[::1]:44476 http_method=POST http_url=/graphql
time=2026-04-15T00:12:13.488Z level=INFO msg="tavern graphql request" auth_generic_id=Admin auth_user_name=Admin auth_user_id=111669149697 is_admin=true is_activated=true is_authenticated=true operation=GetHostDetail variables=map[id:38654705962]
time=2026-04-15T00:12:13.488Z level=INFO msg="tavern http request" auth_generic_id=Admin auth_user_name=Admin auth_user_id=111669149697 is_admin=true is_activated=true is_authenticated=true remote_addr=[::1]:44518 http_method=POST http_url=/graphql
time=2026-04-15T00:12:13.488Z level=INFO msg="tavern graphql request" auth_generic_id=Admin auth_user_name=Admin auth_user_id=111669149697 is_admin=true is_activated=true is_authenticated=true operation=GetHostDetail variables=map[id:38654705964]
time=2026-04-15T00:12:13.488Z level=INFO msg="tavern http request" auth_generic_id=Admin auth_user_name=Admin auth_user_id=111669149697 is_admin=true is_activated=true is_authenticated=true remote_addr=[::1]:44514 http_method=POST http_url=/graphql
time=2026-04-15T00:12:13.489Z level=INFO msg="tavern graphql request" auth_generic_id=Admin auth_user_name=Admin auth_user_id=111669149697 is_admin=true is_activated=true is_authenticated=true operation=GetHostDetail variables=map[id:38654705961]
time=2026-04-15T00:12:13.489Z level=INFO msg="tavern http request" auth_generic_id=Admin auth_user_name=Admin auth_user_id=111669149697 is_admin=true is_activated=true is_authenticated=true remote_addr=[::1]:44500 http_method=POST http_url=/graphql
time=2026-04-15T00:12:13.489Z level=INFO msg="tavern graphql request" auth_generic_id=Admin auth_user_name=Admin auth_user_id=111669149697 is_admin=true is_activated=true is_authenticated=true operation=GetHostDetail variables=map[id:38654705963]
time=2026-04-15T00:12:13.493Z level=INFO msg="tavern http request" auth_generic_id=Admin auth_user_name=Admin auth_user_id=111669149697 is_admin=true is_activated=true is_authenticated=true remote_addr=[::1]:44484 http_method=POST http_url=/graphql
time=2026-04-15T00:12:13.493Z level=INFO msg="tavern graphql request" auth_generic_id=Admin auth_user_name=Admin auth_user_id=111669149697 is_admin=true is_activated=true is_authenticated=true operation=GetHostDetail variables=map[id:38654705960]
time=2026-04-15T00:12:13.496Z level=INFO msg="tavern http request" auth_generic_id=Admin auth_user_name=Admin auth_user_id=111669149697 is_admin=true is_activated=true is_authenticated=true remote_addr=[::1]:44514 http_method=POST http_url=/graphql
time=2026-04-15T00:12:13.497Z level=INFO msg="tavern graphql request" auth_generic_id=Admin auth_user_name=Admin auth_user_id=111669149697 is_admin=true is_activated=true is_authenticated=true operation=GetHostDetail variables=map[id:38654705957]
time=2026-04-15T00:12:13.497Z level=INFO msg="tavern http request" auth_generic_id=Admin auth_user_name=Admin auth_user_id=111669149697 is_admin=true is_activated=true is_authenticated=true remote_addr=[::1]:44524 http_method=POST http_url=/graphql
time=2026-04-15T00:12:13.497Z level=INFO msg="tavern http request" auth_generic_id=Admin auth_user_name=Admin auth_user_id=111669149697 is_admin=true is_activated=true is_authenticated=true remote_addr=[::1]:44476 http_method=POST http_url=/graphql
time=2026-04-15T00:12:13.497Z level=INFO msg="tavern graphql request" auth_generic_id=Admin auth_user_name=Admin auth_user_id=111669149697 is_admin=true is_activated=true is_authenticated=true operation=GetHostDetail variables=map[id:38654705959]
time=2026-04-15T00:12:13.499Z level=INFO msg="tavern graphql request" auth_generic_id=Admin auth_user_name=Admin auth_user_id=111669149697 is_admin=true is_activated=true is_authenticated=true operation=GetHostDetail variables=map[id:38654705958]
time=2026-04-15T00:12:41.240Z level=INFO msg="tavern http request" auth_generic_id=Admin auth_user_name=Admin auth_user_id=111669149697 is_admin=true is_activated=true is_authenticated=true remote_addr=[::1]:53472 http_method=OPTIONS http_url=/graphql
time=2026-04-15T00:12:41.242Z level=INFO msg="tavern http request" auth_generic_id=Admin auth_user_name=Admin auth_user_id=111669149697 is_admin=true is_activated=true is_authenticated=true remote_addr=[::1]:53472 http_method=POST http_url=/graphql
time=2026-04-15T00:12:41.242Z level=INFO msg="tavern graphql request" auth_generic_id=Admin auth_user_name=Admin auth_user_id=111669149697 is_admin=true is_activated=true is_authenticated=true operation=GetMe variables=map[]
time=2026-04-15T00:12:41.367Z level=INFO msg="tavern http request" auth_generic_id=Admin auth_user_name=Admin auth_user_id=111669149697 is_admin=true is_activated=true is_authenticated=true remote_addr=[::1]:53472 http_method=POST http_url=/graphql
time=2026-04-15T00:12:41.368Z level=INFO msg="tavern graphql request" auth_generic_id=Admin auth_user_name=Admin auth_user_id=111669149697 is_admin=true is_activated=true is_authenticated=true operation=GetNotifications variables=map[first:100]
time=2026-04-15T00:12:41.371Z level=INFO msg="tavern http request" auth_generic_id=Admin auth_user_name=Admin auth_user_id=111669149697 is_admin=true is_activated=true is_authenticated=true remote_addr=[::1]:53488 http_method=POST http_url=/graphql
time=2026-04-15T00:12:41.371Z level=INFO msg="tavern graphql request" auth_generic_id=Admin auth_user_name=Admin auth_user_id=111669149697 is_admin=true is_activated=true is_authenticated=true operation=GetTagOptions variables=map[where:map[kind:group]]
time=2026-04-15T00:12:41.372Z level=INFO msg="tavern http request" auth_generic_id=Admin auth_user_name=Admin auth_user_id=111669149697 is_admin=true is_activated=true is_authenticated=true remote_addr=[::1]:53498 http_method=POST http_url=/graphql
time=2026-04-15T00:12:41.372Z level=INFO msg="tavern http request" auth_generic_id=Admin auth_user_name=Admin auth_user_id=111669149697 is_admin=true is_activated=true is_authenticated=true remote_addr=[::1]:53482 http_method=POST http_url=/graphql
time=2026-04-15T00:12:41.373Z level=INFO msg="tavern graphql request" auth_generic_id=Admin auth_user_name=Admin auth_user_id=111669149697 is_admin=true is_activated=true is_authenticated=true operation=GetTagOptions variables=map[where:map[kind:service]]
time=2026-04-15T00:12:41.376Z level=INFO msg="tavern graphql request" auth_generic_id=Admin auth_user_name=Admin auth_user_id=111669149697 is_admin=true is_activated=true is_authenticated=true operation=GetHostContext variables=map[hostId:38654705964]
time=2026-04-15T00:12:41.391Z level=INFO msg="tavern http request" auth_generic_id=Admin auth_user_name=Admin auth_user_id=111669149697 is_admin=true is_activated=true is_authenticated=true remote_addr=[::1]:53482 http_method=POST http_url=/graphql
time=2026-04-15T00:12:41.391Z level=INFO msg="tavern graphql request" auth_generic_id=Admin auth_user_name=Admin auth_user_id=111669149697 is_admin=true is_activated=true is_authenticated=true operation=GetBeaconIds variables="map[first:14 where:map[hasHostWith:[map[id:38654705964]]]]"
time=2026-04-15T00:12:41.806Z level=INFO msg="tavern http request" auth_generic_id=Admin auth_user_name=Admin auth_user_id=111669149697 is_admin=true is_activated=true is_authenticated=true remote_addr=[::1]:53498 http_method=POST http_url=/graphql
time=2026-04-15T00:12:41.807Z level=INFO msg="tavern graphql request" auth_generic_id=Admin auth_user_name=Admin auth_user_id=111669149697 is_admin=true is_activated=true is_authenticated=true operation=GetBeaconDetail variables=map[id:8589935525]
time=2026-04-15T00:12:41.808Z level=INFO msg="tavern http request" auth_generic_id=Admin auth_user_name=Admin auth_user_id=111669149697 is_admin=true is_activated=true is_authenticated=true remote_addr=[::1]:53472 http_method=POST http_url=/graphql
time=2026-04-15T00:12:41.808Z level=INFO msg="tavern graphql request" auth_generic_id=Admin auth_user_name=Admin auth_user_id=111669149697 is_admin=true is_activated=true is_authenticated=true operation=GetBeaconDetail variables=map[id:8589935527]
time=2026-04-15T00:12:41.808Z level=INFO msg="tavern http request" auth_generic_id=Admin auth_user_name=Admin auth_user_id=111669149697 is_admin=true is_activated=true is_authenticated=true remote_addr=[::1]:53482 http_method=POST http_url=/graphql
time=2026-04-15T00:12:41.808Z level=INFO msg="tavern graphql request" auth_generic_id=Admin auth_user_name=Admin auth_user_id=111669149697 is_admin=true is_activated=true is_authenticated=true operation=GetBeaconDetail variables=map[id:8589935526]
time=2026-04-15T00:12:46.398Z level=INFO msg="tavern http request" auth_generic_id=Admin auth_user_name=Admin auth_user_id=111669149697 is_admin=true is_activated=true is_authenticated=true remote_addr=[::1]:53482 http_method=OPTIONS http_url=/graphql
time=2026-04-15T00:12:46.400Z level=INFO msg="tavern http request" auth_generic_id=Admin auth_user_name=Admin auth_user_id=111669149697 is_admin=true is_activated=true is_authenticated=true remote_addr=[::1]:53482 http_method=POST http_url=/graphql
time=2026-04-15T00:12:46.400Z level=INFO msg="tavern graphql request" auth_generic_id=Admin auth_user_name=Admin auth_user_id=111669149697 is_admin=true is_activated=true is_authenticated=true operation=GetBeaconIds variables="map[orderBy:[map[direction:DESC field:CREATED_AT]] where:map[hasHostWith:[map[idIn:[38654705964]]] nextSeenAtGTE:2026-04-15T00:12:16.379Z]]"
time=2026-04-15T00:12:46.470Z level=INFO msg="tavern http request" auth_generic_id=Admin auth_user_name=Admin auth_user_id=111669149697 is_admin=true is_activated=true is_authenticated=true remote_addr=[::1]:53482 http_method=POST http_url=/graphql
time=2026-04-15T00:12:46.471Z level=INFO msg="tavern graphql request" auth_generic_id=Admin auth_user_name=Admin auth_user_id=111669149697 is_admin=true is_activated=true is_authenticated=true operation=GetBeaconFilterOptions variables="map[groupTag:map[kind:group] serviceTag:map[kind:service]]"
time=2026-04-15T00:12:46.491Z level=INFO msg="tavern http request" auth_generic_id=Admin auth_user_name=Admin auth_user_id=111669149697 is_admin=true is_activated=true is_authenticated=true remote_addr=[::1]:53472 http_method=POST http_url=/graphql
time=2026-04-15T00:12:46.492Z level=INFO msg="tavern graphql request" auth_generic_id=Admin auth_user_name=Admin auth_user_id=111669149697 is_admin=true is_activated=true is_authenticated=true operation=GetBeaconDetail variables=map[id:8589935526]
time=2026-04-15T00:12:46.492Z level=INFO msg="tavern http request" auth_generic_id=Admin auth_user_name=Admin auth_user_id=111669149697 is_admin=true is_activated=true is_authenticated=true remote_addr=[::1]:53498 http_method=POST http_url=/graphql
time=2026-04-15T00:12:46.493Z level=INFO msg="tavern graphql request" auth_generic_id=Admin auth_user_name=Admin auth_user_id=111669149697 is_admin=true is_activated=true is_authenticated=true operation=GetBeaconDetail variables=map[id:8589935525]
time=2026-04-15T00:12:46.690Z level=INFO msg="tavern http request" auth_generic_id=Admin auth_user_name=Admin auth_user_id=111669149697 is_admin=true is_activated=true is_authenticated=true remote_addr=[::1]:53498 http_method=POST http_url=/graphql
time=2026-04-15T00:12:46.690Z level=INFO msg="tavern graphql request" auth_generic_id=Admin auth_user_name=Admin auth_user_id=111669149697 is_admin=true is_activated=true is_authenticated=true operation=GetBeaconDetail variables=map[id:8589935526]
time=2026-04-15T00:12:46.692Z level=INFO msg="tavern http request" auth_generic_id=Admin auth_user_name=Admin auth_user_id=111669149697 is_admin=true is_activated=true is_authenticated=true remote_addr=[::1]:53472 http_method=POST http_url=/graphql
time=2026-04-15T00:12:46.692Z level=INFO msg="tavern graphql request" auth_generic_id=Admin auth_user_name=Admin auth_user_id=111669149697 is_admin=true is_activated=true is_authenticated=true operation=GetBeaconDetail variables=map[id:8589935525]
time=2026-04-15T00:12:46.812Z level=INFO msg="tavern http request" auth_generic_id=Admin auth_user_name=Admin auth_user_id=111669149697 is_admin=true is_activated=true is_authenticated=true remote_addr=[::1]:53472 http_method=POST http_url=/graphql
time=2026-04-15T00:12:46.812Z level=INFO msg="tavern graphql request" auth_generic_id=Admin auth_user_name=Admin auth_user_id=111669149697 is_admin=true is_activated=true is_authenticated=true operation=GetBeaconDetail variables=map[id:8589935525]
time=2026-04-15T00:12:46.814Z level=INFO msg="tavern http request" auth_generic_id=Admin auth_user_name=Admin auth_user_id=111669149697 is_admin=true is_activated=true is_authenticated=true remote_addr=[::1]:53498 http_method=POST http_url=/graphql
time=2026-04-15T00:12:46.814Z level=INFO msg="tavern graphql request" auth_generic_id=Admin auth_user_name=Admin auth_user_id=111669149697 is_admin=true is_activated=true is_authenticated=true operation=GetBeaconDetail variables=map[id:8589935526]
time=2026-04-15T00:12:46.814Z level=INFO msg="tavern http request" auth_generic_id=Admin auth_user_name=Admin auth_user_id=111669149697 is_admin=true is_activated=true is_authenticated=true remote_addr=[::1]:53482 http_method=POST http_url=/graphql
time=2026-04-15T00:12:46.814Z level=INFO msg="tavern graphql request" auth_generic_id=Admin auth_user_name=Admin auth_user_id=111669149697 is_admin=true is_activated=true is_authenticated=true operation=GetBeaconDetail variables=map[id:8589935527]
time=2026-04-15T00:13:25.924Z level=INFO msg="tavern http request" auth_generic_id=Admin auth_user_name=Admin auth_user_id=111669149697 is_admin=true is_activated=true is_authenticated=true remote_addr=[::1]:33426 http_method=OPTIONS http_url=/graphql
time=2026-04-15T00:13:25.926Z level=INFO msg="tavern http request" auth_generic_id=Admin auth_user_name=Admin auth_user_id=111669149697 is_admin=true is_activated=true is_authenticated=true remote_addr=[::1]:33426 http_method=POST http_url=/graphql
time=2026-04-15T00:13:25.927Z level=INFO msg="tavern graphql request" auth_generic_id=Admin auth_user_name=Admin auth_user_id=111669149697 is_admin=true is_activated=true is_authenticated=true operation=GetMe variables=map[]
time=2026-04-15T00:13:26.099Z level=INFO msg="tavern http request" auth_generic_id=Admin auth_user_name=Admin auth_user_id=111669149697 is_admin=true is_activated=true is_authenticated=true remote_addr=[::1]:33426 http_method=POST http_url=/graphql
time=2026-04-15T00:13:26.099Z level=INFO msg="tavern graphql request" auth_generic_id=Admin auth_user_name=Admin auth_user_id=111669149697 is_admin=true is_activated=true is_authenticated=true operation=GetNotifications variables=map[first:100]
time=2026-04-15T00:13:26.127Z level=INFO msg="tavern http request" auth_generic_id=Admin auth_user_name=Admin auth_user_id=111669149697 is_admin=true is_activated=true is_authenticated=true remote_addr=[::1]:33442 http_method=POST http_url=/graphql
time=2026-04-15T00:13:26.127Z level=INFO msg="tavern graphql request" auth_generic_id=Admin auth_user_name=Admin auth_user_id=111669149697 is_admin=true is_activated=true is_authenticated=true operation=GetTagOptions variables=map[where:map[kind:service]]
time=2026-04-15T00:13:26.128Z level=INFO msg="tavern http request" auth_generic_id=Admin auth_user_name=Admin auth_user_id=111669149697 is_admin=true is_activated=true is_authenticated=true remote_addr=[::1]:33458 http_method=POST http_url=/graphql
time=2026-04-15T00:13:26.128Z level=INFO msg="tavern graphql request" auth_generic_id=Admin auth_user_name=Admin auth_user_id=111669149697 is_admin=true is_activated=true is_authenticated=true operation=GetTagOptions variables=map[where:map[kind:group]]
time=2026-04-15T00:13:26.129Z level=INFO msg="tavern http request" auth_generic_id=Admin auth_user_name=Admin auth_user_id=111669149697 is_admin=true is_activated=true is_authenticated=true remote_addr=[::1]:33426 http_method=POST http_url=/graphql
time=2026-04-15T00:13:26.129Z level=INFO msg="tavern graphql request" auth_generic_id=Admin auth_user_name=Admin auth_user_id=111669149697 is_admin=true is_activated=true is_authenticated=true operation=GetHostContext variables=map[hostId:38654705964]
time=2026-04-15T00:13:26.135Z level=INFO msg="tavern http request" auth_generic_id=Admin auth_user_name=Admin auth_user_id=111669149697 is_admin=true is_activated=true is_authenticated=true remote_addr=[::1]:33458 http_method=POST http_url=/graphql
time=2026-04-15T00:13:26.135Z level=INFO msg="tavern graphql request" auth_generic_id=Admin auth_user_name=Admin auth_user_id=111669149697 is_admin=true is_activated=true is_authenticated=true operation=GetBeaconIds variables="map[first:14 where:map[hasHostWith:[map[id:38654705964]]]]"
time=2026-04-15T00:13:26.566Z level=INFO msg="tavern http request" auth_generic_id=Admin auth_user_name=Admin auth_user_id=111669149697 is_admin=true is_activated=true is_authenticated=true remote_addr=[::1]:33426 http_method=POST http_url=/graphql
time=2026-04-15T00:13:26.566Z level=INFO msg="tavern graphql request" auth_generic_id=Admin auth_user_name=Admin auth_user_id=111669149697 is_admin=true is_activated=true is_authenticated=true operation=GetBeaconDetail variables=map[id:8589935525]
time=2026-04-15T00:13:26.569Z level=INFO msg="tavern http request" auth_generic_id=Admin auth_user_name=Admin auth_user_id=111669149697 is_admin=true is_activated=true is_authenticated=true remote_addr=[::1]:33458 http_method=POST http_url=/graphql
time=2026-04-15T00:13:26.569Z level=INFO msg="tavern graphql request" auth_generic_id=Admin auth_user_name=Admin auth_user_id=111669149697 is_admin=true is_activated=true is_authenticated=true operation=GetBeaconDetail variables=map[id:8589935526]
time=2026-04-15T00:13:26.570Z level=INFO msg="tavern http request" auth_generic_id=Admin auth_user_name=Admin auth_user_id=111669149697 is_admin=true is_activated=true is_authenticated=true remote_addr=[::1]:33442 http_method=POST http_url=/graphql
time=2026-04-15T00:13:26.570Z level=INFO msg="tavern graphql request" auth_generic_id=Admin auth_user_name=Admin auth_user_id=111669149697 is_admin=true is_activated=true is_authenticated=true operation=GetBeaconDetail variables=map[id:8589935527]
time=2026-04-15T00:13:30.981Z level=INFO msg="tavern http request" auth_generic_id=Admin auth_user_name=Admin auth_user_id=111669149697 is_admin=true is_activated=true is_authenticated=true remote_addr=[::1]:33442 http_method=OPTIONS http_url=/graphql
time=2026-04-15T00:13:30.983Z level=INFO msg="tavern http request" auth_generic_id=Admin auth_user_name=Admin auth_user_id=111669149697 is_admin=true is_activated=true is_authenticated=true remote_addr=[::1]:33442 http_method=POST http_url=/graphql
time=2026-04-15T00:13:30.984Z level=INFO msg="tavern graphql request" auth_generic_id=Admin auth_user_name=Admin auth_user_id=111669149697 is_admin=true is_activated=true is_authenticated=true operation=GetBeaconIds variables="map[orderBy:[map[direction:DESC field:CREATED_AT]] where:map[hasHostWith:[map[idIn:[38654705964]]] nextSeenAtGTE:2026-04-15T00:13:00.962Z]]"
time=2026-04-15T00:13:31.070Z level=INFO msg="tavern http request" auth_generic_id=Admin auth_user_name=Admin auth_user_id=111669149697 is_admin=true is_activated=true is_authenticated=true remote_addr=[::1]:33442 http_method=POST http_url=/graphql
time=2026-04-15T00:13:31.070Z level=INFO msg="tavern graphql request" auth_generic_id=Admin auth_user_name=Admin auth_user_id=111669149697 is_admin=true is_activated=true is_authenticated=true operation=GetBeaconFilterOptions variables="map[groupTag:map[kind:group] serviceTag:map[kind:service]]"
time=2026-04-15T00:13:31.103Z level=INFO msg="tavern http request" auth_generic_id=Admin auth_user_name=Admin auth_user_id=111669149697 is_admin=true is_activated=true is_authenticated=true remote_addr=[::1]:33426 http_method=POST http_url=/graphql
time=2026-04-15T00:13:31.103Z level=INFO msg="tavern graphql request" auth_generic_id=Admin auth_user_name=Admin auth_user_id=111669149697 is_admin=true is_activated=true is_authenticated=true operation=GetBeaconDetail variables=map[id:8589935525]
time=2026-04-15T00:13:31.111Z level=INFO msg="tavern http request" auth_generic_id=Admin auth_user_name=Admin auth_user_id=111669149697 is_admin=true is_activated=true is_authenticated=true remote_addr=[::1]:33458 http_method=POST http_url=/graphql
time=2026-04-15T00:13:31.115Z level=INFO msg="tavern graphql request" auth_generic_id=Admin auth_user_name=Admin auth_user_id=111669149697 is_admin=true is_activated=true is_authenticated=true operation=GetBeaconDetail variables=map[id:8589935526]
time=2026-04-15T00:13:31.147Z level=INFO msg="tavern http request" auth_generic_id=Admin auth_user_name=Admin auth_user_id=111669149697 is_admin=true is_activated=true is_authenticated=true remote_addr=[::1]:33442 http_method=POST http_url=/graphql
time=2026-04-15T00:13:31.147Z level=INFO msg="tavern graphql request" auth_generic_id=Admin auth_user_name=Admin auth_user_id=111669149697 is_admin=true is_activated=true is_authenticated=true operation=GetBeaconDetail variables=map[id:8589935526]
time=2026-04-15T00:13:31.163Z level=INFO msg="tavern http request" auth_generic_id=Admin auth_user_name=Admin auth_user_id=111669149697 is_admin=true is_activated=true is_authenticated=true remote_addr=[::1]:33442 http_method=POST http_url=/graphql
time=2026-04-15T00:13:31.163Z level=INFO msg="tavern graphql request" auth_generic_id=Admin auth_user_name=Admin auth_user_id=111669149697 is_admin=true is_activated=true is_authenticated=true operation=GetBeaconDetail variables=map[id:8589935525]
time=2026-04-15T00:13:31.576Z level=INFO msg="tavern http request" auth_generic_id=Admin auth_user_name=Admin auth_user_id=111669149697 is_admin=true is_activated=true is_authenticated=true remote_addr=[::1]:33442 http_method=POST http_url=/graphql
time=2026-04-15T00:13:31.577Z level=INFO msg="tavern graphql request" auth_generic_id=Admin auth_user_name=Admin auth_user_id=111669149697 is_admin=true is_activated=true is_authenticated=true operation=GetBeaconDetail variables=map[id:8589935525]
time=2026-04-15T00:13:31.578Z level=INFO msg="tavern http request" auth_generic_id=Admin auth_user_name=Admin auth_user_id=111669149697 is_admin=true is_activated=true is_authenticated=true remote_addr=[::1]:33458 http_method=POST http_url=/graphql
time=2026-04-15T00:13:31.578Z level=INFO msg="tavern graphql request" auth_generic_id=Admin auth_user_name=Admin auth_user_id=111669149697 is_admin=true is_activated=true is_authenticated=true operation=GetBeaconDetail variables=map[id:8589935526]
time=2026-04-15T00:13:31.579Z level=INFO msg="tavern http request" auth_generic_id=Admin auth_user_name=Admin auth_user_id=111669149697 is_admin=true is_activated=true is_authenticated=true remote_addr=[::1]:33426 http_method=POST http_url=/graphql
time=2026-04-15T00:13:31.579Z level=INFO msg="tavern graphql request" auth_generic_id=Admin auth_user_name=Admin auth_user_id=111669149697 is_admin=true is_activated=true is_authenticated=true operation=GetBeaconDetail variables=map[id:8589935527]
