
> www@0.1.0 start
> node scripts/generate-docs.js && react-scripts start

Reading from: /app/docs/_docs/user-guide/eldritch.md
Writing to: /app/tavern/internal/www/src/assets/eldritch-docs.json
Successfully generated docs for 162 items.
(node:52315) [DEP_WEBPACK_DEV_SERVER_ON_AFTER_SETUP_MIDDLEWARE] DeprecationWarning: 'onAfterSetupMiddleware' option is deprecated. Please use the 'setupMiddlewares' option.
(Use `node --trace-deprecation ...` to show where the warning was created)
(node:52315) [DEP_WEBPACK_DEV_SERVER_ON_BEFORE_SETUP_MIDDLEWARE] DeprecationWarning: 'onBeforeSetupMiddleware' option is deprecated. Please use the 'setupMiddlewares' option.
Starting the development server...

Compiled with warnings.

[eslint]
src/components/notifications/NotificationBell.tsx
  Line 9:5:   'PopoverHeader' is defined but never used  @typescript-eslint/no-unused-vars
  Line 10:5:  'PopoverBody' is defined but never used    @typescript-eslint/no-unused-vars

src/pages/host-details/portal-tab/PortalsTable.tsx
  Line 3:10:   'PlugIcon' is defined but never used                                                                    @typescript-eslint/no-unused-vars
  Line 3:20:   'DownloadIcon' is defined but never used                                                                @typescript-eslint/no-unused-vars
  Line 206:8:  React Hook useMemo has a missing dependency: 'toast'. Either include it or remove the dependency array  react-hooks/exhaustive-deps

src/pages/profile/DeviceAuth.tsx
  Line 54:11:  The 'handleRevokeDevice' function makes the dependencies of useMemo Hook (at line 100) change on every render. Move it inside the useMemo callback. Alternatively, wrap the definition of 'handleRevokeDevice' in its own useCallback() Hook  react-hooks/exhaustive-deps

src/pages/shell/Shell.tsx
  Line 73:8:  React Hook useEffect has a missing dependency: 'toast'. Either include it or remove the dependency array  react-hooks/exhaustive-deps

src/pages/shellv2/components/SshTerminal.tsx
  Line 98:6:  React Hook useEffect has missing dependencies: 'pivotId' and 'shellId'. Either include them or remove the dependency array  react-hooks/exhaustive-deps

src/pages/shellv2/hooks/useShellTerminal.ts
  Line 88:12:   'completionStart' is assigned a value but never used                                                                                                                                                                                           @typescript-eslint/no-unused-vars
  Line 305:42:  Unnecessary escape character: \.                                                                                                                                                                                                               no-useless-escape
  Line 1069:8:  React Hook useEffect has a missing dependency: 'onOpenPortalTab'. Either include it or remove the dependency array. If 'onOpenPortalTab' changes too often, find the parent component that defines it and wrap that definition in useCallback  react-hooks/exhaustive-deps

src/utils/utils.ts
  Line 42:50:    Unexpected use of comma operator  no-sequences
  Line 169:118:  Unexpected use of comma operator  no-sequences

Search for the keywords to learn more about each warning.
To ignore, add // eslint-disable-next-line to the line before.

WARNING in [eslint]
src/components/notifications/NotificationBell.tsx
  Line 9:5:   'PopoverHeader' is defined but never used  @typescript-eslint/no-unused-vars
  Line 10:5:  'PopoverBody' is defined but never used    @typescript-eslint/no-unused-vars

src/pages/host-details/portal-tab/PortalsTable.tsx
  Line 3:10:   'PlugIcon' is defined but never used                                                                    @typescript-eslint/no-unused-vars
  Line 3:20:   'DownloadIcon' is defined but never used                                                                @typescript-eslint/no-unused-vars
  Line 206:8:  React Hook useMemo has a missing dependency: 'toast'. Either include it or remove the dependency array  react-hooks/exhaustive-deps

src/pages/profile/DeviceAuth.tsx
  Line 54:11:  The 'handleRevokeDevice' function makes the dependencies of useMemo Hook (at line 100) change on every render. Move it inside the useMemo callback. Alternatively, wrap the definition of 'handleRevokeDevice' in its own useCallback() Hook  react-hooks/exhaustive-deps

src/pages/shell/Shell.tsx
  Line 73:8:  React Hook useEffect has a missing dependency: 'toast'. Either include it or remove the dependency array  react-hooks/exhaustive-deps

src/pages/shellv2/components/SshTerminal.tsx
  Line 98:6:  React Hook useEffect has missing dependencies: 'pivotId' and 'shellId'. Either include them or remove the dependency array  react-hooks/exhaustive-deps

src/pages/shellv2/hooks/useShellTerminal.ts
  Line 88:12:   'completionStart' is assigned a value but never used                                                                                                                                                                                           @typescript-eslint/no-unused-vars
  Line 305:42:  Unnecessary escape character: \.                                                                                                                                                                                                               no-useless-escape
  Line 1069:8:  React Hook useEffect has a missing dependency: 'onOpenPortalTab'. Either include it or remove the dependency array. If 'onOpenPortalTab' changes too often, find the parent component that defines it and wrap that definition in useCallback  react-hooks/exhaustive-deps

src/utils/utils.ts
  Line 42:50:    Unexpected use of comma operator  no-sequences
  Line 169:118:  Unexpected use of comma operator  no-sequences

webpack compiled with 1 warning
No issues found.
Compiling...
Compiled with warnings.

[eslint]
src/components/notifications/NotificationBell.tsx
  Line 9:5:   'PopoverHeader' is defined but never used  @typescript-eslint/no-unused-vars
  Line 10:5:  'PopoverBody' is defined but never used    @typescript-eslint/no-unused-vars

src/pages/host-details/portal-tab/PortalsTable.tsx
  Line 3:10:   'PlugIcon' is defined but never used                                                                    @typescript-eslint/no-unused-vars
  Line 3:20:   'DownloadIcon' is defined but never used                                                                @typescript-eslint/no-unused-vars
  Line 215:8:  React Hook useMemo has a missing dependency: 'toast'. Either include it or remove the dependency array  react-hooks/exhaustive-deps

src/pages/profile/DeviceAuth.tsx
  Line 54:11:  The 'handleRevokeDevice' function makes the dependencies of useMemo Hook (at line 100) change on every render. Move it inside the useMemo callback. Alternatively, wrap the definition of 'handleRevokeDevice' in its own useCallback() Hook  react-hooks/exhaustive-deps

src/pages/shell/Shell.tsx
  Line 73:8:  React Hook useEffect has a missing dependency: 'toast'. Either include it or remove the dependency array  react-hooks/exhaustive-deps

src/pages/shellv2/components/SshTerminal.tsx
  Line 98:6:  React Hook useEffect has missing dependencies: 'pivotId' and 'shellId'. Either include them or remove the dependency array  react-hooks/exhaustive-deps

src/pages/shellv2/hooks/useShellTerminal.ts
  Line 88:12:   'completionStart' is assigned a value but never used                                                                                                                                                                                           @typescript-eslint/no-unused-vars
  Line 305:42:  Unnecessary escape character: \.                                                                                                                                                                                                               no-useless-escape
  Line 1069:8:  React Hook useEffect has a missing dependency: 'onOpenPortalTab'. Either include it or remove the dependency array. If 'onOpenPortalTab' changes too often, find the parent component that defines it and wrap that definition in useCallback  react-hooks/exhaustive-deps

src/utils/utils.ts
  Line 42:50:    Unexpected use of comma operator  no-sequences
  Line 169:118:  Unexpected use of comma operator  no-sequences

Search for the keywords to learn more about each warning.
To ignore, add // eslint-disable-next-line to the line before.

WARNING in [eslint]
src/components/notifications/NotificationBell.tsx
  Line 9:5:   'PopoverHeader' is defined but never used  @typescript-eslint/no-unused-vars
  Line 10:5:  'PopoverBody' is defined but never used    @typescript-eslint/no-unused-vars

src/pages/host-details/portal-tab/PortalsTable.tsx
  Line 3:10:   'PlugIcon' is defined but never used                                                                    @typescript-eslint/no-unused-vars
  Line 3:20:   'DownloadIcon' is defined but never used                                                                @typescript-eslint/no-unused-vars
  Line 215:8:  React Hook useMemo has a missing dependency: 'toast'. Either include it or remove the dependency array  react-hooks/exhaustive-deps

src/pages/profile/DeviceAuth.tsx
  Line 54:11:  The 'handleRevokeDevice' function makes the dependencies of useMemo Hook (at line 100) change on every render. Move it inside the useMemo callback. Alternatively, wrap the definition of 'handleRevokeDevice' in its own useCallback() Hook  react-hooks/exhaustive-deps

src/pages/shell/Shell.tsx
  Line 73:8:  React Hook useEffect has a missing dependency: 'toast'. Either include it or remove the dependency array  react-hooks/exhaustive-deps

src/pages/shellv2/components/SshTerminal.tsx
  Line 98:6:  React Hook useEffect has missing dependencies: 'pivotId' and 'shellId'. Either include them or remove the dependency array  react-hooks/exhaustive-deps

src/pages/shellv2/hooks/useShellTerminal.ts
  Line 88:12:   'completionStart' is assigned a value but never used                                                                                                                                                                                           @typescript-eslint/no-unused-vars
  Line 305:42:  Unnecessary escape character: \.                                                                                                                                                                                                               no-useless-escape
  Line 1069:8:  React Hook useEffect has a missing dependency: 'onOpenPortalTab'. Either include it or remove the dependency array. If 'onOpenPortalTab' changes too often, find the parent component that defines it and wrap that definition in useCallback  react-hooks/exhaustive-deps

src/utils/utils.ts
  Line 42:50:    Unexpected use of comma operator  no-sequences
  Line 169:118:  Unexpected use of comma operator  no-sequences

webpack compiled with 1 warning
Files successfully emitted, waiting for typecheck results...
Issues checking in progress...
No issues found.
